{"D:\\Work\\Code\\Courses\\JS-TDD\\tdd-server\\src\\mocha-setup.js":{"path":"D:\\Work\\Code\\Courses\\JS-TDD\\tdd-server\\src\\mocha-setup.js","statementMap":{"0":{"start":{"line":3,"column":0},"end":{"line":3,"column":39}},"1":{"start":{"line":5,"column":12},"end":{"line":5,"column":51}},"2":{"start":{"line":7,"column":19},"end":{"line":7,"column":66}},"3":{"start":{"line":9,"column":39},"end":{"line":9,"column":95}},"4":{"start":{"line":11,"column":0},"end":{"line":11,"column":46}}},"fnMap":{"0":{"name":"_interopRequireDefault","decl":{"start":{"line":9,"column":9},"end":{"line":9,"column":31}},"loc":{"start":{"line":9,"column":37},"end":{"line":9,"column":97}},"line":9}},"branchMap":{"0":{"loc":{"start":{"line":9,"column":46},"end":{"line":9,"column":94}},"type":"cond-expr","locations":[{"start":{"line":9,"column":70},"end":{"line":9,"column":73}},{"start":{"line":9,"column":76},"end":{"line":9,"column":94}}],"line":9},"1":{"loc":{"start":{"line":9,"column":46},"end":{"line":9,"column":67}},"type":"binary-expr","locations":[{"start":{"line":9,"column":46},"end":{"line":9,"column":49}},{"start":{"line":9,"column":53},"end":{"line":9,"column":67}}],"line":9}},"s":{"0":1,"1":1,"2":1,"3":2,"4":1},"f":{"0":2},"b":{"0":[0,2],"1":[2,2]},"inputSourceMap":{"version":3,"names":["chai","use","chaiExclude"],"sourceRoot":"D:\\Work\\Code\\Courses\\JS-TDD\\tdd-server\\src\\","sources":["mocha-setup.js"],"sourcesContent":["import 'regenerator-runtime/runtime';\n\nimport chai from 'chai';\nimport chaiExclude from 'chai-exclude';\nchai.use(chaiExclude);"],"mappings":";;AAAA;;AAEA;;AACA;;;;AACAA,gBAAA,CAAKC,GAAL,CAASC,uBAAT"},"_coverageSchema":"1a1c01bbd47fc00a2c39e90264f33305004495a9","hash":"51dfa100c1b6817963ac3903117e799109bb65c7","contentHash":"61fbb4aa8671fb3f144cc53a23203b8de7a19edc68550594c809ca9c95b81863"},"D:\\Work\\Code\\Courses\\JS-TDD\\tdd-server\\src\\db.js":{"path":"D:\\Work\\Code\\Courses\\JS-TDD\\tdd-server\\src\\db.js","statementMap":{"0":{"start":{"line":3,"column":51},"end":{"line":3,"column":334}},"1":{"start":{"line":3,"column":153},"end":{"line":3,"column":171}},"2":{"start":{"line":3,"column":193},"end":{"line":3,"column":317}},"3":{"start":{"line":5,"column":0},"end":{"line":7,"column":3}},"4":{"start":{"line":8,"column":0},"end":{"line":8,"column":56}},"5":{"start":{"line":10,"column":15},"end":{"line":10,"column":33}},"6":{"start":{"line":12,"column":196},"end":{"line":12,"column":269}},"7":{"start":{"line":12,"column":251},"end":{"line":12,"column":266}},"8":{"start":{"line":12,"column":284},"end":{"line":12,"column":286}},"9":{"start":{"line":12,"column":293},"end":{"line":12,"column":309}},"10":{"start":{"line":12,"column":320},"end":{"line":12,"column":337}},"11":{"start":{"line":12,"column":349},"end":{"line":12,"column":390}},"12":{"start":{"line":12,"column":409},"end":{"line":12,"column":441}},"13":{"start":{"line":12,"column":465},"end":{"line":12,"column":507}},"14":{"start":{"line":12,"column":529},"end":{"line":12,"column":567}},"15":{"start":{"line":12,"column":604},"end":{"line":12,"column":719}},"16":{"start":{"line":12,"column":722},"end":{"line":12,"column":833}},"17":{"start":{"line":12,"column":728},"end":{"line":12,"column":743}},"18":{"start":{"line":12,"column":760},"end":{"line":12,"column":831}},"19":{"start":{"line":12,"column":804},"end":{"line":12,"column":828}},"20":{"start":{"line":12,"column":908},"end":{"line":12,"column":979}},"21":{"start":{"line":12,"column":993},"end":{"line":12,"column":1032}},"22":{"start":{"line":12,"column":1044},"end":{"line":12,"column":1074}},"23":{"start":{"line":12,"column":1076},"end":{"line":12,"column":2327}},"24":{"start":{"line":12,"column":1151},"end":{"line":12,"column":1167}},"25":{"start":{"line":12,"column":1169},"end":{"line":12,"column":2289}},"26":{"start":{"line":12,"column":1201},"end":{"line":12,"column":1276}},"27":{"start":{"line":12,"column":1228},"end":{"line":12,"column":1276}},"28":{"start":{"line":12,"column":1277},"end":{"line":12,"column":1363}},"29":{"start":{"line":12,"column":1306},"end":{"line":12,"column":1340}},"30":{"start":{"line":12,"column":1330},"end":{"line":12,"column":1340}},"31":{"start":{"line":12,"column":1341},"end":{"line":12,"column":1361}},"32":{"start":{"line":12,"column":1364},"end":{"line":12,"column":2286}},"33":{"start":{"line":12,"column":1432},"end":{"line":12,"column":1448}},"34":{"start":{"line":12,"column":1450},"end":{"line":12,"column":1626}},"35":{"start":{"line":12,"column":1487},"end":{"line":12,"column":1525}},"36":{"start":{"line":12,"column":1527},"end":{"line":12,"column":1624}},"37":{"start":{"line":12,"column":1549},"end":{"line":12,"column":1599}},"38":{"start":{"line":12,"column":1590},"end":{"line":12,"column":1599}},"39":{"start":{"line":12,"column":1600},"end":{"line":12,"column":1622}},"40":{"start":{"line":12,"column":1627},"end":{"line":12,"column":1928}},"41":{"start":{"line":12,"column":1658},"end":{"line":12,"column":1701}},"42":{"start":{"line":12,"column":1706},"end":{"line":12,"column":1928}},"43":{"start":{"line":12,"column":1740},"end":{"line":12,"column":1811}},"44":{"start":{"line":12,"column":1772},"end":{"line":12,"column":1811}},"45":{"start":{"line":12,"column":1812},"end":{"line":12,"column":1851}},"46":{"start":{"line":12,"column":1859},"end":{"line":12,"column":1928}},"47":{"start":{"line":12,"column":1929},"end":{"line":12,"column":1949}},"48":{"start":{"line":12,"column":1963},"end":{"line":12,"column":1995}},"49":{"start":{"line":12,"column":1997},"end":{"line":12,"column":2182}},"50":{"start":{"line":12,"column":2029},"end":{"line":12,"column":2130}},"51":{"start":{"line":12,"column":2121},"end":{"line":12,"column":2130}},"52":{"start":{"line":12,"column":2131},"end":{"line":12,"column":2180}},"53":{"start":{"line":12,"column":2183},"end":{"line":12,"column":2284}},"54":{"start":{"line":12,"column":2364},"end":{"line":12,"column":2474}},"55":{"start":{"line":12,"column":2370},"end":{"line":12,"column":2420}},"56":{"start":{"line":12,"column":2437},"end":{"line":12,"column":2472}},"57":{"start":{"line":12,"column":2477},"end":{"line":12,"column":2497}},"58":{"start":{"line":12,"column":2521},"end":{"line":12,"column":2523}},"59":{"start":{"line":12,"column":2646},"end":{"line":12,"column":2648}},"60":{"start":{"line":12,"column":2650},"end":{"line":12,"column":2722}},"61":{"start":{"line":12,"column":2706},"end":{"line":12,"column":2718}},"62":{"start":{"line":12,"column":2738},"end":{"line":12,"column":2759}},"63":{"start":{"line":12,"column":2787},"end":{"line":12,"column":2829}},"64":{"start":{"line":12,"column":2831},"end":{"line":12,"column":2994}},"65":{"start":{"line":12,"column":3004},"end":{"line":12,"column":3097}},"66":{"start":{"line":12,"column":3143},"end":{"line":12,"column":3283}},"67":{"start":{"line":12,"column":3199},"end":{"line":12,"column":3279}},"68":{"start":{"line":12,"column":3242},"end":{"line":12,"column":3275}},"69":{"start":{"line":12,"column":3396},"end":{"line":12,"column":3439}},"70":{"start":{"line":12,"column":3441},"end":{"line":12,"column":3933}},"71":{"start":{"line":12,"column":3485},"end":{"line":12,"column":3495}},"72":{"start":{"line":12,"column":3505},"end":{"line":12,"column":3517}},"73":{"start":{"line":12,"column":3519},"end":{"line":12,"column":3931}},"74":{"start":{"line":12,"column":3656},"end":{"line":12,"column":3695}},"75":{"start":{"line":12,"column":3716},"end":{"line":12,"column":3754}},"76":{"start":{"line":12,"column":3815},"end":{"line":12,"column":3857}},"77":{"start":{"line":12,"column":3880},"end":{"line":12,"column":3927}},"78":{"start":{"line":12,"column":3934},"end":{"line":12,"column":3953}},"79":{"start":{"line":12,"column":3977},"end":{"line":12,"column":4307}},"80":{"start":{"line":12,"column":4057},"end":{"line":12,"column":4150}},"81":{"start":{"line":12,"column":4109},"end":{"line":12,"column":4146}},"82":{"start":{"line":12,"column":4153},"end":{"line":12,"column":4304}},"83":{"start":{"line":12,"column":4373},"end":{"line":12,"column":4406}},"84":{"start":{"line":12,"column":4408},"end":{"line":12,"column":4810}},"85":{"start":{"line":12,"column":4436},"end":{"line":12,"column":4783}},"86":{"start":{"line":12,"column":4495},"end":{"line":12,"column":4676}},"87":{"start":{"line":12,"column":4652},"end":{"line":12,"column":4676}},"88":{"start":{"line":12,"column":4677},"end":{"line":12,"column":4781}},"89":{"start":{"line":12,"column":4784},"end":{"line":12,"column":4808}},"90":{"start":{"line":12,"column":4824},"end":{"line":12,"column":4872}},"91":{"start":{"line":12,"column":4874},"end":{"line":12,"column":5004}},"92":{"start":{"line":12,"column":4903},"end":{"line":12,"column":5004}},"93":{"start":{"line":12,"column":5016},"end":{"line":12,"column":5026}},"94":{"start":{"line":12,"column":5028},"end":{"line":12,"column":5401}},"95":{"start":{"line":12,"column":5446},"end":{"line":12,"column":5465}},"96":{"start":{"line":12,"column":5467},"end":{"line":12,"column":5605}},"97":{"start":{"line":12,"column":5653},"end":{"line":12,"column":5675}},"98":{"start":{"line":12,"column":5677},"end":{"line":12,"column":5746}},"99":{"start":{"line":12,"column":5781},"end":{"line":12,"column":5877}},"100":{"start":{"line":12,"column":5908},"end":{"line":12,"column":6358}},"101":{"start":{"line":12,"column":5945},"end":{"line":12,"column":5969}},"102":{"start":{"line":12,"column":5971},"end":{"line":12,"column":6028}},"103":{"start":{"line":12,"column":5991},"end":{"line":12,"column":6028}},"104":{"start":{"line":12,"column":6029},"end":{"line":12,"column":6085}},"105":{"start":{"line":12,"column":6069},"end":{"line":12,"column":6085}},"106":{"start":{"line":12,"column":6086},"end":{"line":12,"column":6356}},"107":{"start":{"line":12,"column":6125},"end":{"line":12,"column":6127}},"108":{"start":{"line":12,"column":6136},"end":{"line":12,"column":6328}},"109":{"start":{"line":12,"column":6154},"end":{"line":12,"column":6273}},"110":{"start":{"line":12,"column":6187},"end":{"line":12,"column":6271}},"111":{"start":{"line":12,"column":6217},"end":{"line":12,"column":6271}},"112":{"start":{"line":12,"column":6274},"end":{"line":12,"column":6326}},"113":{"start":{"line":12,"column":6330},"end":{"line":12,"column":6354}},"114":{"start":{"line":12,"column":6359},"end":{"line":12,"column":6387}},"115":{"start":{"line":12,"column":6414},"end":{"line":12,"column":6452}},"116":{"start":{"line":12,"column":6455},"end":{"line":12,"column":11795}},"117":{"start":{"line":12,"column":6814},"end":{"line":12,"column":6863}},"118":{"start":{"line":12,"column":6865},"end":{"line":12,"column":6970}},"119":{"start":{"line":12,"column":7009},"end":{"line":12,"column":7250}},"120":{"start":{"line":12,"column":7287},"end":{"line":12,"column":7311}},"121":{"start":{"line":12,"column":7430},"end":{"line":12,"column":7442}},"122":{"start":{"line":12,"column":7564},"end":{"line":12,"column":7614}},"123":{"start":{"line":12,"column":7626},"end":{"line":12,"column":7699}},"124":{"start":{"line":12,"column":7701},"end":{"line":12,"column":7843}},"125":{"start":{"line":12,"column":7791},"end":{"line":12,"column":7839}},"126":{"start":{"line":12,"column":7959},"end":{"line":12,"column":7971}},"127":{"start":{"line":12,"column":8013},"end":{"line":12,"column":8041}},"128":{"start":{"line":12,"column":8092},"end":{"line":12,"column":8094}},"129":{"start":{"line":12,"column":8096},"end":{"line":12,"column":8139}},"130":{"start":{"line":12,"column":8122},"end":{"line":12,"column":8137}},"131":{"start":{"line":12,"column":8140},"end":{"line":12,"column":8325}},"132":{"start":{"line":12,"column":8181},"end":{"line":12,"column":8293}},"133":{"start":{"line":12,"column":8214},"end":{"line":12,"column":8224}},"134":{"start":{"line":12,"column":8226},"end":{"line":12,"column":8291}},"135":{"start":{"line":12,"column":8245},"end":{"line":12,"column":8291}},"136":{"start":{"line":12,"column":8294},"end":{"line":12,"column":8322}},"137":{"start":{"line":12,"column":8437},"end":{"line":12,"column":8776}},"138":{"start":{"line":12,"column":8645},"end":{"line":12,"column":8776}},"139":{"start":{"line":12,"column":8670},"end":{"line":12,"column":8774}},"140":{"start":{"line":12,"column":8804},"end":{"line":12,"column":8819}},"141":{"start":{"line":12,"column":8837},"end":{"line":12,"column":8866}},"142":{"start":{"line":12,"column":8868},"end":{"line":12,"column":8922}},"143":{"start":{"line":12,"column":8901},"end":{"line":12,"column":8922}},"144":{"start":{"line":12,"column":8923},"end":{"line":12,"column":8940}},"145":{"start":{"line":12,"column":9003},"end":{"line":12,"column":9034}},"146":{"start":{"line":12,"column":9018},"end":{"line":12,"column":9034}},"147":{"start":{"line":12,"column":9049},"end":{"line":12,"column":9053}},"148":{"start":{"line":12,"column":9086},"end":{"line":12,"column":9231}},"149":{"start":{"line":12,"column":9234},"end":{"line":12,"column":9938}},"150":{"start":{"line":12,"column":9247},"end":{"line":12,"column":9273}},"151":{"start":{"line":12,"column":9302},"end":{"line":12,"column":9320}},"152":{"start":{"line":12,"column":9331},"end":{"line":12,"column":9347}},"153":{"start":{"line":12,"column":9349},"end":{"line":12,"column":9399}},"154":{"start":{"line":12,"column":9378},"end":{"line":12,"column":9399}},"155":{"start":{"line":12,"column":9400},"end":{"line":12,"column":9936}},"156":{"start":{"line":12,"column":9448},"end":{"line":12,"column":9478}},"157":{"start":{"line":12,"column":9493},"end":{"line":12,"column":9525}},"158":{"start":{"line":12,"column":9527},"end":{"line":12,"column":9934}},"159":{"start":{"line":12,"column":9557},"end":{"line":12,"column":9623}},"160":{"start":{"line":12,"column":9589},"end":{"line":12,"column":9623}},"161":{"start":{"line":12,"column":9624},"end":{"line":12,"column":9690}},"162":{"start":{"line":12,"column":9658},"end":{"line":12,"column":9690}},"163":{"start":{"line":12,"column":9698},"end":{"line":12,"column":9934}},"164":{"start":{"line":12,"column":9714},"end":{"line":12,"column":9780}},"165":{"start":{"line":12,"column":9746},"end":{"line":12,"column":9780}},"166":{"start":{"line":12,"column":9790},"end":{"line":12,"column":9865}},"167":{"start":{"line":12,"column":9807},"end":{"line":12,"column":9865}},"168":{"start":{"line":12,"column":9866},"end":{"line":12,"column":9932}},"169":{"start":{"line":12,"column":9900},"end":{"line":12,"column":9932}},"170":{"start":{"line":12,"column":9979},"end":{"line":12,"column":10204}},"171":{"start":{"line":12,"column":9992},"end":{"line":12,"column":10018}},"172":{"start":{"line":12,"column":10047},"end":{"line":12,"column":10065}},"173":{"start":{"line":12,"column":10067},"end":{"line":12,"column":10202}},"174":{"start":{"line":12,"column":10187},"end":{"line":12,"column":10192}},"175":{"start":{"line":12,"column":10194},"end":{"line":12,"column":10200}},"176":{"start":{"line":12,"column":10205},"end":{"line":12,"column":10352}},"177":{"start":{"line":12,"column":10366},"end":{"line":12,"column":10409}},"178":{"start":{"line":12,"column":10411},"end":{"line":12,"column":10573}},"179":{"start":{"line":12,"column":10625},"end":{"line":12,"column":10671}},"180":{"start":{"line":12,"column":10654},"end":{"line":12,"column":10671}},"181":{"start":{"line":12,"column":10672},"end":{"line":12,"column":10949}},"182":{"start":{"line":12,"column":10991},"end":{"line":12,"column":11213}},"183":{"start":{"line":12,"column":11004},"end":{"line":12,"column":11030}},"184":{"start":{"line":12,"column":11059},"end":{"line":12,"column":11077}},"185":{"start":{"line":12,"column":11079},"end":{"line":12,"column":11211}},"186":{"start":{"line":12,"column":11116},"end":{"line":12,"column":11211}},"187":{"start":{"line":12,"column":11252},"end":{"line":12,"column":11500}},"188":{"start":{"line":12,"column":11265},"end":{"line":12,"column":11291}},"189":{"start":{"line":12,"column":11320},"end":{"line":12,"column":11338}},"190":{"start":{"line":12,"column":11340},"end":{"line":12,"column":11498}},"191":{"start":{"line":12,"column":11384},"end":{"line":12,"column":11400}},"192":{"start":{"line":12,"column":11402},"end":{"line":12,"column":11481}},"193":{"start":{"line":12,"column":11446},"end":{"line":12,"column":11456}},"194":{"start":{"line":12,"column":11458},"end":{"line":12,"column":11479}},"195":{"start":{"line":12,"column":11482},"end":{"line":12,"column":11496}},"196":{"start":{"line":12,"column":11501},"end":{"line":12,"column":11542}},"197":{"start":{"line":12,"column":11617},"end":{"line":12,"column":11781}},"198":{"start":{"line":14,"column":77},"end":{"line":14,"column":175}},"199":{"start":{"line":14,"column":94},"end":{"line":14,"column":107}},"200":{"start":{"line":14,"column":121},"end":{"line":14,"column":131}},"201":{"start":{"line":14,"column":151},"end":{"line":14,"column":165}},"202":{"start":{"line":14,"column":166},"end":{"line":14,"column":173}},"203":{"start":{"line":14,"column":176},"end":{"line":14,"column":263}},"204":{"start":{"line":14,"column":193},"end":{"line":14,"column":208}},"205":{"start":{"line":14,"column":218},"end":{"line":14,"column":261}},"206":{"start":{"line":16,"column":33},"end":{"line":16,"column":387}},"207":{"start":{"line":16,"column":65},"end":{"line":16,"column":69}},"208":{"start":{"line":16,"column":78},"end":{"line":16,"column":87}},"209":{"start":{"line":16,"column":89},"end":{"line":16,"column":384}},"210":{"start":{"line":16,"column":147},"end":{"line":16,"column":167}},"211":{"start":{"line":16,"column":193},"end":{"line":16,"column":264}},"212":{"start":{"line":16,"column":290},"end":{"line":16,"column":360}},"213":{"start":{"line":16,"column":363},"end":{"line":16,"column":380}},"214":{"start":{"line":18,"column":14},"end":{"line":18,"column":69}},"215":{"start":{"line":20,"column":37},"end":{"line":57,"column":3}},"216":{"start":{"line":21,"column":13},"end":{"line":52,"column":5}},"217":{"start":{"line":23,"column":4},"end":{"line":51,"column":16}},"218":{"start":{"line":24,"column":6},"end":{"line":50,"column":7}},"219":{"start":{"line":25,"column":8},"end":{"line":49,"column":9}},"220":{"start":{"line":27,"column":12},"end":{"line":27,"column":30}},"221":{"start":{"line":28,"column":12},"end":{"line":31,"column":15}},"222":{"start":{"line":34,"column":12},"end":{"line":34,"column":35}},"223":{"start":{"line":35,"column":12},"end":{"line":35,"column":36}},"224":{"start":{"line":36,"column":12},"end":{"line":36,"column":30}},"225":{"start":{"line":37,"column":12},"end":{"line":39,"column":15}},"226":{"start":{"line":42,"column":12},"end":{"line":42,"column":35}},"227":{"start":{"line":43,"column":12},"end":{"line":43,"column":27}},"228":{"start":{"line":44,"column":12},"end":{"line":44,"column":53}},"229":{"start":{"line":48,"column":12},"end":{"line":48,"column":35}},"230":{"start":{"line":54,"column":2},"end":{"line":56,"column":4}},"231":{"start":{"line":55,"column":4},"end":{"line":55,"column":39}},"232":{"start":{"line":59,"column":0},"end":{"line":59,"column":46}},"233":{"start":{"line":60,"column":15},"end":{"line":62,"column":1}},"234":{"start":{"line":63,"column":0},"end":{"line":63,"column":30}}},"fnMap":{"0":{"name":"_typeof","decl":{"start":{"line":3,"column":9},"end":{"line":3,"column":16}},"loc":{"start":{"line":3,"column":22},"end":{"line":3,"column":336}},"line":3},"1":{"name":"(anonymous_1)","decl":{"start":{"line":3,"column":136},"end":{"line":3,"column":137}},"loc":{"start":{"line":3,"column":151},"end":{"line":3,"column":173}},"line":3},"2":{"name":"(anonymous_2)","decl":{"start":{"line":3,"column":176},"end":{"line":3,"column":177}},"loc":{"start":{"line":3,"column":191},"end":{"line":3,"column":319}},"line":3},"3":{"name":"_regeneratorRuntime","decl":{"start":{"line":12,"column":9},"end":{"line":12,"column":28}},"loc":{"start":{"line":12,"column":31},"end":{"line":12,"column":11797}},"line":12},"4":{"name":"_regeneratorRuntime","decl":{"start":{"line":12,"column":227},"end":{"line":12,"column":246}},"loc":{"start":{"line":12,"column":249},"end":{"line":12,"column":268}},"line":12},"5":{"name":"define","decl":{"start":{"line":12,"column":578},"end":{"line":12,"column":584}},"loc":{"start":{"line":12,"column":602},"end":{"line":12,"column":721}},"line":12},"6":{"name":"define","decl":{"start":{"line":12,"column":778},"end":{"line":12,"column":784}},"loc":{"start":{"line":12,"column":802},"end":{"line":12,"column":830}},"line":12},"7":{"name":"wrap","decl":{"start":{"line":12,"column":843},"end":{"line":12,"column":847}},"loc":{"start":{"line":12,"column":885},"end":{"line":12,"column":2329}},"line":12},"8":{"name":"(anonymous_8)","decl":{"start":{"line":12,"column":1103},"end":{"line":12,"column":1104}},"loc":{"start":{"line":12,"column":1137},"end":{"line":12,"column":2291}},"line":12},"9":{"name":"(anonymous_9)","decl":{"start":{"line":12,"column":1176},"end":{"line":12,"column":1177}},"loc":{"start":{"line":12,"column":1199},"end":{"line":12,"column":2288}},"line":12},"10":{"name":"tryCatch","decl":{"start":{"line":12,"column":2339},"end":{"line":12,"column":2347}},"loc":{"start":{"line":12,"column":2362},"end":{"line":12,"column":2476}},"line":12},"11":{"name":"Generator","decl":{"start":{"line":12,"column":2534},"end":{"line":12,"column":2543}},"loc":{"start":{"line":12,"column":2546},"end":{"line":12,"column":2548}},"line":12},"12":{"name":"GeneratorFunction","decl":{"start":{"line":12,"column":2558},"end":{"line":12,"column":2575}},"loc":{"start":{"line":12,"column":2578},"end":{"line":12,"column":2580}},"line":12},"13":{"name":"GeneratorFunctionPrototype","decl":{"start":{"line":12,"column":2590},"end":{"line":12,"column":2616}},"loc":{"start":{"line":12,"column":2619},"end":{"line":12,"column":2621}},"line":12},"14":{"name":"(anonymous_14)","decl":{"start":{"line":12,"column":2692},"end":{"line":12,"column":2693}},"loc":{"start":{"line":12,"column":2704},"end":{"line":12,"column":2720}},"line":12},"15":{"name":"defineIteratorMethods","decl":{"start":{"line":12,"column":3108},"end":{"line":12,"column":3129}},"loc":{"start":{"line":12,"column":3141},"end":{"line":12,"column":3285}},"line":12},"16":{"name":"(anonymous_16)","decl":{"start":{"line":12,"column":3179},"end":{"line":12,"column":3180}},"loc":{"start":{"line":12,"column":3197},"end":{"line":12,"column":3281}},"line":12},"17":{"name":"(anonymous_17)","decl":{"start":{"line":12,"column":3225},"end":{"line":12,"column":3226}},"loc":{"start":{"line":12,"column":3240},"end":{"line":12,"column":3277}},"line":12},"18":{"name":"AsyncIterator","decl":{"start":{"line":12,"column":3295},"end":{"line":12,"column":3308}},"loc":{"start":{"line":12,"column":3333},"end":{"line":12,"column":4309}},"line":12},"19":{"name":"invoke","decl":{"start":{"line":12,"column":3344},"end":{"line":12,"column":3350}},"loc":{"start":{"line":12,"column":3381},"end":{"line":12,"column":3955}},"line":12},"20":{"name":"(anonymous_20)","decl":{"start":{"line":12,"column":3637},"end":{"line":12,"column":3638}},"loc":{"start":{"line":12,"column":3654},"end":{"line":12,"column":3697}},"line":12},"21":{"name":"(anonymous_21)","decl":{"start":{"line":12,"column":3699},"end":{"line":12,"column":3700}},"loc":{"start":{"line":12,"column":3714},"end":{"line":12,"column":3756}},"line":12},"22":{"name":"(anonymous_22)","decl":{"start":{"line":12,"column":3792},"end":{"line":12,"column":3793}},"loc":{"start":{"line":12,"column":3813},"end":{"line":12,"column":3859}},"line":12},"23":{"name":"(anonymous_23)","decl":{"start":{"line":12,"column":3861},"end":{"line":12,"column":3862}},"loc":{"start":{"line":12,"column":3878},"end":{"line":12,"column":3929}},"line":12},"24":{"name":"(anonymous_24)","decl":{"start":{"line":12,"column":3992},"end":{"line":12,"column":3993}},"loc":{"start":{"line":12,"column":4015},"end":{"line":12,"column":4306}},"line":12},"25":{"name":"callInvokeWithMethodAndArg","decl":{"start":{"line":12,"column":4026},"end":{"line":12,"column":4052}},"loc":{"start":{"line":12,"column":4055},"end":{"line":12,"column":4152}},"line":12},"26":{"name":"(anonymous_26)","decl":{"start":{"line":12,"column":4080},"end":{"line":12,"column":4081}},"loc":{"start":{"line":12,"column":4107},"end":{"line":12,"column":4148}},"line":12},"27":{"name":"maybeInvokeDelegate","decl":{"start":{"line":12,"column":4319},"end":{"line":12,"column":4338}},"loc":{"start":{"line":12,"column":4358},"end":{"line":12,"column":5403}},"line":12},"28":{"name":"pushTryEntry","decl":{"start":{"line":12,"column":5413},"end":{"line":12,"column":5425}},"loc":{"start":{"line":12,"column":5432},"end":{"line":12,"column":5607}},"line":12},"29":{"name":"resetTryEntry","decl":{"start":{"line":12,"column":5617},"end":{"line":12,"column":5630}},"loc":{"start":{"line":12,"column":5638},"end":{"line":12,"column":5748}},"line":12},"30":{"name":"Context","decl":{"start":{"line":12,"column":5758},"end":{"line":12,"column":5765}},"loc":{"start":{"line":12,"column":5779},"end":{"line":12,"column":5879}},"line":12},"31":{"name":"values","decl":{"start":{"line":12,"column":5889},"end":{"line":12,"column":5895}},"loc":{"start":{"line":12,"column":5906},"end":{"line":12,"column":6389}},"line":12},"32":{"name":"next","decl":{"start":{"line":12,"column":6145},"end":{"line":12,"column":6149}},"loc":{"start":{"line":12,"column":6152},"end":{"line":12,"column":6328}},"line":12},"33":{"name":"doneResult","decl":{"start":{"line":12,"column":6399},"end":{"line":12,"column":6409}},"loc":{"start":{"line":12,"column":6412},"end":{"line":12,"column":6454}},"line":12},"34":{"name":"(anonymous_34)","decl":{"start":{"line":12,"column":6783},"end":{"line":12,"column":6784}},"loc":{"start":{"line":12,"column":6801},"end":{"line":12,"column":6972}},"line":12},"35":{"name":"(anonymous_35)","decl":{"start":{"line":12,"column":6989},"end":{"line":12,"column":6990}},"loc":{"start":{"line":12,"column":7007},"end":{"line":12,"column":7252}},"line":12},"36":{"name":"(anonymous_36)","decl":{"start":{"line":12,"column":7270},"end":{"line":12,"column":7271}},"loc":{"start":{"line":12,"column":7285},"end":{"line":12,"column":7313}},"line":12},"37":{"name":"(anonymous_37)","decl":{"start":{"line":12,"column":7416},"end":{"line":12,"column":7417}},"loc":{"start":{"line":12,"column":7428},"end":{"line":12,"column":7444}},"line":12},"38":{"name":"(anonymous_38)","decl":{"start":{"line":12,"column":7502},"end":{"line":12,"column":7503}},"loc":{"start":{"line":12,"column":7562},"end":{"line":12,"column":7845}},"line":12},"39":{"name":"(anonymous_39)","decl":{"start":{"line":12,"column":7771},"end":{"line":12,"column":7772}},"loc":{"start":{"line":12,"column":7789},"end":{"line":12,"column":7841}},"line":12},"40":{"name":"(anonymous_40)","decl":{"start":{"line":12,"column":7945},"end":{"line":12,"column":7946}},"loc":{"start":{"line":12,"column":7957},"end":{"line":12,"column":7973}},"line":12},"41":{"name":"(anonymous_41)","decl":{"start":{"line":12,"column":7999},"end":{"line":12,"column":8000}},"loc":{"start":{"line":12,"column":8011},"end":{"line":12,"column":8043}},"line":12},"42":{"name":"(anonymous_42)","decl":{"start":{"line":12,"column":8061},"end":{"line":12,"column":8062}},"loc":{"start":{"line":12,"column":8079},"end":{"line":12,"column":8327}},"line":12},"43":{"name":"next","decl":{"start":{"line":12,"column":8172},"end":{"line":12,"column":8176}},"loc":{"start":{"line":12,"column":8179},"end":{"line":12,"column":8324}},"line":12},"44":{"name":"reset","decl":{"start":{"line":12,"column":8414},"end":{"line":12,"column":8419}},"loc":{"start":{"line":12,"column":8435},"end":{"line":12,"column":8778}},"line":12},"45":{"name":"stop","decl":{"start":{"line":12,"column":8795},"end":{"line":12,"column":8799}},"loc":{"start":{"line":12,"column":8802},"end":{"line":12,"column":8942}},"line":12},"46":{"name":"dispatchException","decl":{"start":{"line":12,"column":8972},"end":{"line":12,"column":8989}},"loc":{"start":{"line":12,"column":9001},"end":{"line":12,"column":9940}},"line":12},"47":{"name":"handle","decl":{"start":{"line":12,"column":9064},"end":{"line":12,"column":9070}},"loc":{"start":{"line":12,"column":9084},"end":{"line":12,"column":9233}},"line":12},"48":{"name":"abrupt","decl":{"start":{"line":12,"column":9959},"end":{"line":12,"column":9965}},"loc":{"start":{"line":12,"column":9977},"end":{"line":12,"column":10575}},"line":12},"49":{"name":"complete","decl":{"start":{"line":12,"column":10596},"end":{"line":12,"column":10604}},"loc":{"start":{"line":12,"column":10623},"end":{"line":12,"column":10951}},"line":12},"50":{"name":"finish","decl":{"start":{"line":12,"column":10970},"end":{"line":12,"column":10976}},"loc":{"start":{"line":12,"column":10989},"end":{"line":12,"column":11215}},"line":12},"51":{"name":"_catch","decl":{"start":{"line":12,"column":11235},"end":{"line":12,"column":11241}},"loc":{"start":{"line":12,"column":11250},"end":{"line":12,"column":11544}},"line":12},"52":{"name":"delegateYield","decl":{"start":{"line":12,"column":11570},"end":{"line":12,"column":11583}},"loc":{"start":{"line":12,"column":11615},"end":{"line":12,"column":11783}},"line":12},"53":{"name":"asyncGeneratorStep","decl":{"start":{"line":14,"column":9},"end":{"line":14,"column":27}},"loc":{"start":{"line":14,"column":75},"end":{"line":14,"column":265}},"line":14},"54":{"name":"_asyncToGenerator","decl":{"start":{"line":16,"column":9},"end":{"line":16,"column":26}},"loc":{"start":{"line":16,"column":31},"end":{"line":16,"column":389}},"line":16},"55":{"name":"(anonymous_55)","decl":{"start":{"line":16,"column":40},"end":{"line":16,"column":41}},"loc":{"start":{"line":16,"column":52},"end":{"line":16,"column":386}},"line":16},"56":{"name":"(anonymous_56)","decl":{"start":{"line":16,"column":108},"end":{"line":16,"column":109}},"loc":{"start":{"line":16,"column":135},"end":{"line":16,"column":382}},"line":16},"57":{"name":"_next","decl":{"start":{"line":16,"column":178},"end":{"line":16,"column":183}},"loc":{"start":{"line":16,"column":191},"end":{"line":16,"column":266}},"line":16},"58":{"name":"_throw","decl":{"start":{"line":16,"column":276},"end":{"line":16,"column":282}},"loc":{"start":{"line":16,"column":288},"end":{"line":16,"column":362}},"line":16},"59":{"name":"(anonymous_59)","decl":{"start":{"line":20,"column":37},"end":{"line":20,"column":38}},"loc":{"start":{"line":20,"column":49},"end":{"line":57,"column":1}},"line":20},"60":{"name":"_callee","decl":{"start":{"line":21,"column":81},"end":{"line":21,"column":88}},"loc":{"start":{"line":21,"column":99},"end":{"line":52,"column":3}},"line":21},"61":{"name":"_callee$","decl":{"start":{"line":23,"column":47},"end":{"line":23,"column":55}},"loc":{"start":{"line":23,"column":66},"end":{"line":51,"column":5}},"line":23},"62":{"name":"getUserByUsername","decl":{"start":{"line":54,"column":18},"end":{"line":54,"column":35}},"loc":{"start":{"line":54,"column":40},"end":{"line":56,"column":3}},"line":54}},"branchMap":{"0":{"loc":{"start":{"line":3,"column":68},"end":{"line":3,"column":319}},"type":"cond-expr","locations":[{"start":{"line":3,"column":136},"end":{"line":3,"column":173}},{"start":{"line":3,"column":176},"end":{"line":3,"column":319}}],"line":3},"1":{"loc":{"start":{"line":3,"column":68},"end":{"line":3,"column":133}},"type":"binary-expr","locations":[{"start":{"line":3,"column":68},"end":{"line":3,"column":95}},{"start":{"line":3,"column":99},"end":{"line":3,"column":133}}],"line":3},"2":{"loc":{"start":{"line":3,"column":200},"end":{"line":3,"column":316}},"type":"cond-expr","locations":[{"start":{"line":3,"column":295},"end":{"line":3,"column":303}},{"start":{"line":3,"column":306},"end":{"line":3,"column":316}}],"line":3},"3":{"loc":{"start":{"line":3,"column":200},"end":{"line":3,"column":292}},"type":"binary-expr","locations":[{"start":{"line":3,"column":200},"end":{"line":3,"column":203}},{"start":{"line":3,"column":207},"end":{"line":3,"column":234}},{"start":{"line":3,"column":238},"end":{"line":3,"column":264}},{"start":{"line":3,"column":268},"end":{"line":3,"column":292}}],"line":3},"4":{"loc":{"start":{"line":12,"column":349},"end":{"line":12,"column":390}},"type":"cond-expr","locations":[{"start":{"line":12,"column":379},"end":{"line":12,"column":385}},{"start":{"line":12,"column":388},"end":{"line":12,"column":390}}],"line":12},"5":{"loc":{"start":{"line":12,"column":409},"end":{"line":12,"column":441}},"type":"binary-expr","locations":[{"start":{"line":12,"column":409},"end":{"line":12,"column":425}},{"start":{"line":12,"column":429},"end":{"line":12,"column":441}}],"line":12},"6":{"loc":{"start":{"line":12,"column":465},"end":{"line":12,"column":507}},"type":"binary-expr","locations":[{"start":{"line":12,"column":465},"end":{"line":12,"column":486}},{"start":{"line":12,"column":490},"end":{"line":12,"column":507}}],"line":12},"7":{"loc":{"start":{"line":12,"column":529},"end":{"line":12,"column":567}},"type":"binary-expr","locations":[{"start":{"line":12,"column":529},"end":{"line":12,"column":548}},{"start":{"line":12,"column":552},"end":{"line":12,"column":567}}],"line":12},"8":{"loc":{"start":{"line":12,"column":908},"end":{"line":12,"column":979}},"type":"cond-expr","locations":[{"start":{"line":12,"column":960},"end":{"line":12,"column":967}},{"start":{"line":12,"column":970},"end":{"line":12,"column":979}}],"line":12},"9":{"loc":{"start":{"line":12,"column":908},"end":{"line":12,"column":957}},"type":"binary-expr","locations":[{"start":{"line":12,"column":908},"end":{"line":12,"column":915}},{"start":{"line":12,"column":919},"end":{"line":12,"column":957}}],"line":12},"10":{"loc":{"start":{"line":12,"column":1056},"end":{"line":12,"column":1073}},"type":"binary-expr","locations":[{"start":{"line":12,"column":1056},"end":{"line":12,"column":1067}},{"start":{"line":12,"column":1071},"end":{"line":12,"column":1073}}],"line":12},"11":{"loc":{"start":{"line":12,"column":1201},"end":{"line":12,"column":1276}},"type":"if","locations":[{"start":{"line":12,"column":1201},"end":{"line":12,"column":1276}},{"start":{"line":12,"column":1201},"end":{"line":12,"column":1276}}],"line":12},"12":{"loc":{"start":{"line":12,"column":1277},"end":{"line":12,"column":1363}},"type":"if","locations":[{"start":{"line":12,"column":1277},"end":{"line":12,"column":1363}},{"start":{"line":12,"column":1277},"end":{"line":12,"column":1363}}],"line":12},"13":{"loc":{"start":{"line":12,"column":1306},"end":{"line":12,"column":1340}},"type":"if","locations":[{"start":{"line":12,"column":1306},"end":{"line":12,"column":1340}},{"start":{"line":12,"column":1306},"end":{"line":12,"column":1340}}],"line":12},"14":{"loc":{"start":{"line":12,"column":1450},"end":{"line":12,"column":1626}},"type":"if","locations":[{"start":{"line":12,"column":1450},"end":{"line":12,"column":1626}},{"start":{"line":12,"column":1450},"end":{"line":12,"column":1626}}],"line":12},"15":{"loc":{"start":{"line":12,"column":1527},"end":{"line":12,"column":1624}},"type":"if","locations":[{"start":{"line":12,"column":1527},"end":{"line":12,"column":1624}},{"start":{"line":12,"column":1527},"end":{"line":12,"column":1624}}],"line":12},"16":{"loc":{"start":{"line":12,"column":1549},"end":{"line":12,"column":1599}},"type":"if","locations":[{"start":{"line":12,"column":1549},"end":{"line":12,"column":1599}},{"start":{"line":12,"column":1549},"end":{"line":12,"column":1599}}],"line":12},"17":{"loc":{"start":{"line":12,"column":1627},"end":{"line":12,"column":1928}},"type":"if","locations":[{"start":{"line":12,"column":1627},"end":{"line":12,"column":1928}},{"start":{"line":12,"column":1627},"end":{"line":12,"column":1928}}],"line":12},"18":{"loc":{"start":{"line":12,"column":1706},"end":{"line":12,"column":1928}},"type":"if","locations":[{"start":{"line":12,"column":1706},"end":{"line":12,"column":1928}},{"start":{"line":12,"column":1706},"end":{"line":12,"column":1928}}],"line":12},"19":{"loc":{"start":{"line":12,"column":1740},"end":{"line":12,"column":1811}},"type":"if","locations":[{"start":{"line":12,"column":1740},"end":{"line":12,"column":1811}},{"start":{"line":12,"column":1740},"end":{"line":12,"column":1811}}],"line":12},"20":{"loc":{"start":{"line":12,"column":1859},"end":{"line":12,"column":1927}},"type":"binary-expr","locations":[{"start":{"line":12,"column":1859},"end":{"line":12,"column":1886}},{"start":{"line":12,"column":1890},"end":{"line":12,"column":1927}}],"line":12},"21":{"loc":{"start":{"line":12,"column":1997},"end":{"line":12,"column":2182}},"type":"if","locations":[{"start":{"line":12,"column":1997},"end":{"line":12,"column":2182}},{"start":{"line":12,"column":1997},"end":{"line":12,"column":2182}}],"line":12},"22":{"loc":{"start":{"line":12,"column":2029},"end":{"line":12,"column":2130}},"type":"if","locations":[{"start":{"line":12,"column":2029},"end":{"line":12,"column":2130}},{"start":{"line":12,"column":2029},"end":{"line":12,"column":2130}}],"line":12},"23":{"loc":{"start":{"line":12,"column":2041},"end":{"line":12,"column":2086}},"type":"cond-expr","locations":[{"start":{"line":12,"column":2056},"end":{"line":12,"column":2067}},{"start":{"line":12,"column":2070},"end":{"line":12,"column":2086}}],"line":12},"24":{"loc":{"start":{"line":12,"column":2183},"end":{"line":12,"column":2283}},"type":"binary-expr","locations":[{"start":{"line":12,"column":2183},"end":{"line":12,"column":2206}},{"start":{"line":12,"column":2211},"end":{"line":12,"column":2282}}],"line":12},"25":{"loc":{"start":{"line":12,"column":2787},"end":{"line":12,"column":2829}},"type":"binary-expr","locations":[{"start":{"line":12,"column":2787},"end":{"line":12,"column":2795}},{"start":{"line":12,"column":2799},"end":{"line":12,"column":2829}}],"line":12},"26":{"loc":{"start":{"line":12,"column":2831},"end":{"line":12,"column":2993}},"type":"binary-expr","locations":[{"start":{"line":12,"column":2831},"end":{"line":12,"column":2854}},{"start":{"line":12,"column":2858},"end":{"line":12,"column":2888}},{"start":{"line":12,"column":2892},"end":{"line":12,"column":2944}},{"start":{"line":12,"column":2949},"end":{"line":12,"column":2992}}],"line":12},"27":{"loc":{"start":{"line":12,"column":3441},"end":{"line":12,"column":3933}},"type":"if","locations":[{"start":{"line":12,"column":3441},"end":{"line":12,"column":3933}},{"start":{"line":12,"column":3441},"end":{"line":12,"column":3933}}],"line":12},"28":{"loc":{"start":{"line":12,"column":3526},"end":{"line":12,"column":3930}},"type":"cond-expr","locations":[{"start":{"line":12,"column":3597},"end":{"line":12,"column":3757}},{"start":{"line":12,"column":3760},"end":{"line":12,"column":3930}}],"line":12},"29":{"loc":{"start":{"line":12,"column":3526},"end":{"line":12,"column":3594}},"type":"binary-expr","locations":[{"start":{"line":12,"column":3526},"end":{"line":12,"column":3531}},{"start":{"line":12,"column":3535},"end":{"line":12,"column":3561}},{"start":{"line":12,"column":3565},"end":{"line":12,"column":3594}}],"line":12},"30":{"loc":{"start":{"line":12,"column":4178},"end":{"line":12,"column":4303}},"type":"cond-expr","locations":[{"start":{"line":12,"column":4196},"end":{"line":12,"column":4272}},{"start":{"line":12,"column":4275},"end":{"line":12,"column":4303}}],"line":12},"31":{"loc":{"start":{"line":12,"column":4408},"end":{"line":12,"column":4810}},"type":"if","locations":[{"start":{"line":12,"column":4408},"end":{"line":12,"column":4810}},{"start":{"line":12,"column":4408},"end":{"line":12,"column":4810}}],"line":12},"32":{"loc":{"start":{"line":12,"column":4436},"end":{"line":12,"column":4783}},"type":"if","locations":[{"start":{"line":12,"column":4436},"end":{"line":12,"column":4783}},{"start":{"line":12,"column":4436},"end":{"line":12,"column":4783}}],"line":12},"33":{"loc":{"start":{"line":12,"column":4495},"end":{"line":12,"column":4676}},"type":"if","locations":[{"start":{"line":12,"column":4495},"end":{"line":12,"column":4676}},{"start":{"line":12,"column":4495},"end":{"line":12,"column":4676}}],"line":12},"34":{"loc":{"start":{"line":12,"column":4499},"end":{"line":12,"column":4650}},"type":"binary-expr","locations":[{"start":{"line":12,"column":4499},"end":{"line":12,"column":4526}},{"start":{"line":12,"column":4531},"end":{"line":12,"column":4649}}],"line":12},"35":{"loc":{"start":{"line":12,"column":4874},"end":{"line":12,"column":5004}},"type":"if","locations":[{"start":{"line":12,"column":4874},"end":{"line":12,"column":5004}},{"start":{"line":12,"column":4874},"end":{"line":12,"column":5004}}],"line":12},"36":{"loc":{"start":{"line":12,"column":5035},"end":{"line":12,"column":5400}},"type":"cond-expr","locations":[{"start":{"line":12,"column":5042},"end":{"line":12,"column":5263}},{"start":{"line":12,"column":5267},"end":{"line":12,"column":5399}}],"line":12},"37":{"loc":{"start":{"line":12,"column":5042},"end":{"line":12,"column":5263}},"type":"cond-expr","locations":[{"start":{"line":12,"column":5055},"end":{"line":12,"column":5255}},{"start":{"line":12,"column":5259},"end":{"line":12,"column":5263}}],"line":12},"38":{"loc":{"start":{"line":12,"column":5131},"end":{"line":12,"column":5212}},"type":"binary-expr","locations":[{"start":{"line":12,"column":5131},"end":{"line":12,"column":5158}},{"start":{"line":12,"column":5163},"end":{"line":12,"column":5211}}],"line":12},"39":{"loc":{"start":{"line":12,"column":5467},"end":{"line":12,"column":5506}},"type":"binary-expr","locations":[{"start":{"line":12,"column":5467},"end":{"line":12,"column":5476}},{"start":{"line":12,"column":5481},"end":{"line":12,"column":5505}}],"line":12},"40":{"loc":{"start":{"line":12,"column":5508},"end":{"line":12,"column":5575}},"type":"binary-expr","locations":[{"start":{"line":12,"column":5508},"end":{"line":12,"column":5517}},{"start":{"line":12,"column":5522},"end":{"line":12,"column":5574}}],"line":12},"41":{"loc":{"start":{"line":12,"column":5653},"end":{"line":12,"column":5675}},"type":"binary-expr","locations":[{"start":{"line":12,"column":5653},"end":{"line":12,"column":5669}},{"start":{"line":12,"column":5673},"end":{"line":12,"column":5675}}],"line":12},"42":{"loc":{"start":{"line":12,"column":5908},"end":{"line":12,"column":6358}},"type":"if","locations":[{"start":{"line":12,"column":5908},"end":{"line":12,"column":6358}},{"start":{"line":12,"column":5908},"end":{"line":12,"column":6358}}],"line":12},"43":{"loc":{"start":{"line":12,"column":5971},"end":{"line":12,"column":6028}},"type":"if","locations":[{"start":{"line":12,"column":5971},"end":{"line":12,"column":6028}},{"start":{"line":12,"column":5971},"end":{"line":12,"column":6028}}],"line":12},"44":{"loc":{"start":{"line":12,"column":6029},"end":{"line":12,"column":6085}},"type":"if","locations":[{"start":{"line":12,"column":6029},"end":{"line":12,"column":6085}},{"start":{"line":12,"column":6029},"end":{"line":12,"column":6085}}],"line":12},"45":{"loc":{"start":{"line":12,"column":6086},"end":{"line":12,"column":6356}},"type":"if","locations":[{"start":{"line":12,"column":6086},"end":{"line":12,"column":6356}},{"start":{"line":12,"column":6086},"end":{"line":12,"column":6356}}],"line":12},"46":{"loc":{"start":{"line":12,"column":6187},"end":{"line":12,"column":6271}},"type":"if","locations":[{"start":{"line":12,"column":6187},"end":{"line":12,"column":6271}},{"start":{"line":12,"column":6187},"end":{"line":12,"column":6271}}],"line":12},"47":{"loc":{"start":{"line":12,"column":6814},"end":{"line":12,"column":6863}},"type":"binary-expr","locations":[{"start":{"line":12,"column":6814},"end":{"line":12,"column":6841}},{"start":{"line":12,"column":6845},"end":{"line":12,"column":6863}}],"line":12},"48":{"loc":{"start":{"line":12,"column":6872},"end":{"line":12,"column":6969}},"type":"binary-expr","locations":[{"start":{"line":12,"column":6872},"end":{"line":12,"column":6878}},{"start":{"line":12,"column":6883},"end":{"line":12,"column":6909}},{"start":{"line":12,"column":6913},"end":{"line":12,"column":6968}}],"line":12},"49":{"loc":{"start":{"line":12,"column":6938},"end":{"line":12,"column":6967}},"type":"binary-expr","locations":[{"start":{"line":12,"column":6938},"end":{"line":12,"column":6954}},{"start":{"line":12,"column":6958},"end":{"line":12,"column":6967}}],"line":12},"50":{"loc":{"start":{"line":12,"column":7016},"end":{"line":12,"column":7203}},"type":"cond-expr","locations":[{"start":{"line":12,"column":7040},"end":{"line":12,"column":7097}},{"start":{"line":12,"column":7101},"end":{"line":12,"column":7202}}],"line":12},"51":{"loc":{"start":{"line":12,"column":7564},"end":{"line":12,"column":7613}},"type":"binary-expr","locations":[{"start":{"line":12,"column":7564},"end":{"line":12,"column":7586}},{"start":{"line":12,"column":7591},"end":{"line":12,"column":7612}}],"line":12},"52":{"loc":{"start":{"line":12,"column":7708},"end":{"line":12,"column":7842}},"type":"cond-expr","locations":[{"start":{"line":12,"column":7747},"end":{"line":12,"column":7751}},{"start":{"line":12,"column":7754},"end":{"line":12,"column":7842}}],"line":12},"53":{"loc":{"start":{"line":12,"column":7798},"end":{"line":12,"column":7838}},"type":"cond-expr","locations":[{"start":{"line":12,"column":7812},"end":{"line":12,"column":7824}},{"start":{"line":12,"column":7827},"end":{"line":12,"column":7838}}],"line":12},"54":{"loc":{"start":{"line":12,"column":8226},"end":{"line":12,"column":8291}},"type":"if","locations":[{"start":{"line":12,"column":8226},"end":{"line":12,"column":8291}},{"start":{"line":12,"column":8226},"end":{"line":12,"column":8291}}],"line":12},"55":{"loc":{"start":{"line":12,"column":8437},"end":{"line":12,"column":8776}},"type":"if","locations":[{"start":{"line":12,"column":8437},"end":{"line":12,"column":8776}},{"start":{"line":12,"column":8437},"end":{"line":12,"column":8776}}],"line":12},"56":{"loc":{"start":{"line":12,"column":8670},"end":{"line":12,"column":8773}},"type":"binary-expr","locations":[{"start":{"line":12,"column":8670},"end":{"line":12,"column":8692}},{"start":{"line":12,"column":8696},"end":{"line":12,"column":8719}},{"start":{"line":12,"column":8723},"end":{"line":12,"column":8745}},{"start":{"line":12,"column":8750},"end":{"line":12,"column":8772}}],"line":12},"57":{"loc":{"start":{"line":12,"column":8868},"end":{"line":12,"column":8922}},"type":"if","locations":[{"start":{"line":12,"column":8868},"end":{"line":12,"column":8922}},{"start":{"line":12,"column":8868},"end":{"line":12,"column":8922}}],"line":12},"58":{"loc":{"start":{"line":12,"column":9003},"end":{"line":12,"column":9034}},"type":"if","locations":[{"start":{"line":12,"column":9003},"end":{"line":12,"column":9034}},{"start":{"line":12,"column":9003},"end":{"line":12,"column":9034}}],"line":12},"59":{"loc":{"start":{"line":12,"column":9160},"end":{"line":12,"column":9220}},"type":"binary-expr","locations":[{"start":{"line":12,"column":9160},"end":{"line":12,"column":9166}},{"start":{"line":12,"column":9171},"end":{"line":12,"column":9219}}],"line":12},"60":{"loc":{"start":{"line":12,"column":9349},"end":{"line":12,"column":9399}},"type":"if","locations":[{"start":{"line":12,"column":9349},"end":{"line":12,"column":9399}},{"start":{"line":12,"column":9349},"end":{"line":12,"column":9399}}],"line":12},"61":{"loc":{"start":{"line":12,"column":9400},"end":{"line":12,"column":9936}},"type":"if","locations":[{"start":{"line":12,"column":9400},"end":{"line":12,"column":9936}},{"start":{"line":12,"column":9400},"end":{"line":12,"column":9936}}],"line":12},"62":{"loc":{"start":{"line":12,"column":9527},"end":{"line":12,"column":9934}},"type":"if","locations":[{"start":{"line":12,"column":9527},"end":{"line":12,"column":9934}},{"start":{"line":12,"column":9527},"end":{"line":12,"column":9934}}],"line":12},"63":{"loc":{"start":{"line":12,"column":9531},"end":{"line":12,"column":9553}},"type":"binary-expr","locations":[{"start":{"line":12,"column":9531},"end":{"line":12,"column":9539}},{"start":{"line":12,"column":9543},"end":{"line":12,"column":9553}}],"line":12},"64":{"loc":{"start":{"line":12,"column":9557},"end":{"line":12,"column":9623}},"type":"if","locations":[{"start":{"line":12,"column":9557},"end":{"line":12,"column":9623}},{"start":{"line":12,"column":9557},"end":{"line":12,"column":9623}}],"line":12},"65":{"loc":{"start":{"line":12,"column":9624},"end":{"line":12,"column":9690}},"type":"if","locations":[{"start":{"line":12,"column":9624},"end":{"line":12,"column":9690}},{"start":{"line":12,"column":9624},"end":{"line":12,"column":9690}}],"line":12},"66":{"loc":{"start":{"line":12,"column":9698},"end":{"line":12,"column":9934}},"type":"if","locations":[{"start":{"line":12,"column":9698},"end":{"line":12,"column":9934}},{"start":{"line":12,"column":9698},"end":{"line":12,"column":9934}}],"line":12},"67":{"loc":{"start":{"line":12,"column":9714},"end":{"line":12,"column":9780}},"type":"if","locations":[{"start":{"line":12,"column":9714},"end":{"line":12,"column":9780}},{"start":{"line":12,"column":9714},"end":{"line":12,"column":9780}}],"line":12},"68":{"loc":{"start":{"line":12,"column":9790},"end":{"line":12,"column":9865}},"type":"if","locations":[{"start":{"line":12,"column":9790},"end":{"line":12,"column":9865}},{"start":{"line":12,"column":9790},"end":{"line":12,"column":9865}}],"line":12},"69":{"loc":{"start":{"line":12,"column":9866},"end":{"line":12,"column":9932}},"type":"if","locations":[{"start":{"line":12,"column":9866},"end":{"line":12,"column":9932}},{"start":{"line":12,"column":9866},"end":{"line":12,"column":9932}}],"line":12},"70":{"loc":{"start":{"line":12,"column":10067},"end":{"line":12,"column":10202}},"type":"if","locations":[{"start":{"line":12,"column":10067},"end":{"line":12,"column":10202}},{"start":{"line":12,"column":10067},"end":{"line":12,"column":10202}}],"line":12},"71":{"loc":{"start":{"line":12,"column":10071},"end":{"line":12,"column":10164}},"type":"binary-expr","locations":[{"start":{"line":12,"column":10071},"end":{"line":12,"column":10096}},{"start":{"line":12,"column":10100},"end":{"line":12,"column":10132}},{"start":{"line":12,"column":10136},"end":{"line":12,"column":10164}}],"line":12},"72":{"loc":{"start":{"line":12,"column":10205},"end":{"line":12,"column":10351}},"type":"binary-expr","locations":[{"start":{"line":12,"column":10205},"end":{"line":12,"column":10217}},{"start":{"line":12,"column":10222},"end":{"line":12,"column":10238}},{"start":{"line":12,"column":10242},"end":{"line":12,"column":10261}},{"start":{"line":12,"column":10266},"end":{"line":12,"column":10292}},{"start":{"line":12,"column":10296},"end":{"line":12,"column":10326}},{"start":{"line":12,"column":10331},"end":{"line":12,"column":10350}}],"line":12},"73":{"loc":{"start":{"line":12,"column":10366},"end":{"line":12,"column":10409}},"type":"cond-expr","locations":[{"start":{"line":12,"column":10381},"end":{"line":12,"column":10404}},{"start":{"line":12,"column":10407},"end":{"line":12,"column":10409}}],"line":12},"74":{"loc":{"start":{"line":12,"column":10456},"end":{"line":12,"column":10572}},"type":"cond-expr","locations":[{"start":{"line":12,"column":10472},"end":{"line":12,"column":10547}},{"start":{"line":12,"column":10551},"end":{"line":12,"column":10572}}],"line":12},"75":{"loc":{"start":{"line":12,"column":10625},"end":{"line":12,"column":10671}},"type":"if","locations":[{"start":{"line":12,"column":10625},"end":{"line":12,"column":10671}},{"start":{"line":12,"column":10625},"end":{"line":12,"column":10671}}],"line":12},"76":{"loc":{"start":{"line":12,"column":10679},"end":{"line":12,"column":10930}},"type":"cond-expr","locations":[{"start":{"line":12,"column":10735},"end":{"line":12,"column":10757}},{"start":{"line":12,"column":10760},"end":{"line":12,"column":10930}}],"line":12},"77":{"loc":{"start":{"line":12,"column":10679},"end":{"line":12,"column":10732}},"type":"binary-expr","locations":[{"start":{"line":12,"column":10679},"end":{"line":12,"column":10702}},{"start":{"line":12,"column":10706},"end":{"line":12,"column":10732}}],"line":12},"78":{"loc":{"start":{"line":12,"column":10760},"end":{"line":12,"column":10930}},"type":"cond-expr","locations":[{"start":{"line":12,"column":10788},"end":{"line":12,"column":10864}},{"start":{"line":12,"column":10868},"end":{"line":12,"column":10930}}],"line":12},"79":{"loc":{"start":{"line":12,"column":10868},"end":{"line":12,"column":10930}},"type":"binary-expr","locations":[{"start":{"line":12,"column":10868},"end":{"line":12,"column":10892}},{"start":{"line":12,"column":10896},"end":{"line":12,"column":10904}},{"start":{"line":12,"column":10909},"end":{"line":12,"column":10929}}],"line":12},"80":{"loc":{"start":{"line":12,"column":11079},"end":{"line":12,"column":11211}},"type":"if","locations":[{"start":{"line":12,"column":11079},"end":{"line":12,"column":11211}},{"start":{"line":12,"column":11079},"end":{"line":12,"column":11211}}],"line":12},"81":{"loc":{"start":{"line":12,"column":11340},"end":{"line":12,"column":11498}},"type":"if","locations":[{"start":{"line":12,"column":11340},"end":{"line":12,"column":11498}},{"start":{"line":12,"column":11340},"end":{"line":12,"column":11498}}],"line":12},"82":{"loc":{"start":{"line":12,"column":11402},"end":{"line":12,"column":11481}},"type":"if","locations":[{"start":{"line":12,"column":11402},"end":{"line":12,"column":11481}},{"start":{"line":12,"column":11402},"end":{"line":12,"column":11481}}],"line":12},"83":{"loc":{"start":{"line":12,"column":11714},"end":{"line":12,"column":11762}},"type":"binary-expr","locations":[{"start":{"line":12,"column":11714},"end":{"line":12,"column":11736}},{"start":{"line":12,"column":11741},"end":{"line":12,"column":11761}}],"line":12},"84":{"loc":{"start":{"line":14,"column":176},"end":{"line":14,"column":263}},"type":"if","locations":[{"start":{"line":14,"column":176},"end":{"line":14,"column":263}},{"start":{"line":14,"column":176},"end":{"line":14,"column":263}}],"line":14},"85":{"loc":{"start":{"line":18,"column":14},"end":{"line":18,"column":69}},"type":"cond-expr","locations":[{"start":{"line":18,"column":48},"end":{"line":18,"column":57}},{"start":{"line":18,"column":60},"end":{"line":18,"column":69}}],"line":18},"86":{"loc":{"start":{"line":25,"column":8},"end":{"line":49,"column":9}},"type":"switch","locations":[{"start":{"line":26,"column":10},"end":{"line":31,"column":15}},{"start":{"line":33,"column":10},"end":{"line":39,"column":15}},{"start":{"line":41,"column":10},"end":{"line":44,"column":53}},{"start":{"line":46,"column":10},"end":{"line":46,"column":17}},{"start":{"line":47,"column":10},"end":{"line":48,"column":35}}],"line":25}},"s":{"0":0,"1":0,"2":0,"3":1,"4":1,"5":1,"6":1,"7":2,"8":1,"9":1,"10":1,"11":1,"12":1,"13":1,"14":1,"15":15,"16":1,"17":1,"18":0,"19":0,"20":2,"21":2,"22":2,"23":2,"24":2,"25":2,"26":6,"27":0,"28":6,"29":0,"30":0,"31":0,"32":6,"33":8,"34":8,"35":0,"36":0,"37":0,"38":0,"39":0,"40":8,"41":6,"42":2,"43":0,"44":0,"45":0,"46":2,"47":8,"48":8,"49":8,"50":8,"51":2,"52":6,"53":0,"54":8,"55":8,"56":0,"57":1,"58":1,"59":1,"60":1,"61":0,"62":1,"63":1,"64":1,"65":1,"66":2,"67":6,"68":6,"69":0,"70":0,"71":0,"72":0,"73":0,"74":0,"75":0,"76":0,"77":0,"78":0,"79":0,"80":0,"81":0,"82":0,"83":0,"84":0,"85":0,"86":0,"87":0,"88":0,"89":0,"90":0,"91":0,"92":0,"93":0,"94":0,"95":0,"96":0,"97":2,"98":2,"99":2,"100":1,"101":1,"102":1,"103":1,"104":0,"105":0,"106":0,"107":0,"108":0,"109":0,"110":0,"111":0,"112":0,"113":0,"114":0,"115":0,"116":1,"117":0,"118":0,"119":1,"120":0,"121":0,"122":0,"123":0,"124":0,"125":0,"126":0,"127":0,"128":0,"129":0,"130":0,"131":0,"132":0,"133":0,"134":0,"135":0,"136":0,"137":2,"138":0,"139":0,"140":2,"141":2,"142":2,"143":0,"144":2,"145":0,"146":0,"147":0,"148":0,"149":0,"150":0,"151":0,"152":0,"153":0,"154":0,"155":0,"156":0,"157":0,"158":0,"159":0,"160":0,"161":0,"162":0,"163":0,"164":0,"165":0,"166":0,"167":0,"168":0,"169":0,"170":4,"171":4,"172":4,"173":4,"174":0,"175":0,"176":4,"177":4,"178":4,"179":4,"180":0,"181":4,"182":0,"183":0,"184":0,"185":0,"186":0,"187":0,"188":0,"189":0,"190":0,"191":0,"192":0,"193":0,"194":0,"195":0,"196":0,"197":0,"198":6,"199":6,"200":6,"201":0,"202":0,"203":6,"204":2,"205":4,"206":1,"207":2,"208":2,"209":2,"210":2,"211":6,"212":0,"213":2,"214":1,"215":1,"216":1,"217":2,"218":8,"219":8,"220":2,"221":2,"222":2,"223":2,"224":2,"225":2,"226":2,"227":2,"228":2,"229":2,"230":1,"231":2,"232":1,"233":1,"234":1},"f":{"0":0,"1":0,"2":0,"3":1,"4":2,"5":15,"6":0,"7":2,"8":2,"9":6,"10":8,"11":0,"12":0,"13":0,"14":0,"15":2,"16":6,"17":6,"18":0,"19":0,"20":0,"21":0,"22":0,"23":0,"24":0,"25":0,"26":0,"27":0,"28":0,"29":2,"30":2,"31":1,"32":0,"33":0,"34":0,"35":1,"36":0,"37":0,"38":0,"39":0,"40":0,"41":0,"42":0,"43":0,"44":2,"45":2,"46":0,"47":0,"48":4,"49":4,"50":0,"51":0,"52":0,"53":6,"54":1,"55":2,"56":2,"57":6,"58":0,"59":1,"60":2,"61":8,"62":2},"b":{"0":[0,0],"1":[0,0],"2":[0,0],"3":[0,0,0,0],"4":[1,0],"5":[1,0],"6":[1,0],"7":[1,0],"8":[2,0],"9":[2,2],"10":[2,2],"11":[0,6],"12":[0,6],"13":[0,0],"14":[0,8],"15":[0,0],"16":[0,0],"17":[6,2],"18":[0,2],"19":[0,0],"20":[2,2],"21":[8,0],"22":[2,6],"23":[2,6],"24":[0,0],"25":[1,1],"26":[1,1,1,1],"27":[0,0],"28":[0,0],"29":[0,0,0],"30":[0,0],"31":[0,0],"32":[0,0],"33":[0,0],"34":[0,0],"35":[0,0],"36":[0,0],"37":[0,0],"38":[0,0],"39":[0,0],"40":[0,0],"41":[2,2],"42":[1,0],"43":[1,0],"44":[0,0],"45":[0,0],"46":[0,0],"47":[0,0],"48":[0,0,0],"49":[0,0],"50":[1,0],"51":[0,0],"52":[0,0],"53":[0,0],"54":[0,0],"55":[0,2],"56":[0,0,0,0],"57":[0,2],"58":[0,0],"59":[0,0],"60":[0,0],"61":[0,0],"62":[0,0],"63":[0,0],"64":[0,0],"65":[0,0],"66":[0,0],"67":[0,0],"68":[0,0],"69":[0,0],"70":[0,4],"71":[4,0,0],"72":[4,0,0,0,0,0],"73":[0,4],"74":[0,4],"75":[0,4],"76":[0,4],"77":[4,4],"78":[4,0],"79":[0,0,0],"80":[0,0],"81":[0,0],"82":[0,0],"83":[0,0],"84":[2,4],"85":[1,0],"86":[2,2,2,0,2]},"inputSourceMap":{"version":3,"names":["DB_NAME","process","env","NODE_ENV","getUserByUsername","username","MongoClient","connect","useNewUrlParser","useUnifiedTopology","client","db","collection","findOne","result","close"],"sourceRoot":"D:\\Work\\Code\\Courses\\JS-TDD\\tdd-server\\src\\","sources":["db.js"],"sourcesContent":["import { MongoClient } from 'mongodb';\n\nconst DB_NAME = process.env.NODE_ENV === 'test'\n    ? 'TEST_DB'\n    : 'PROD_DB';\n\nexport const getUserByUsername = async username => {\n    const client = await MongoClient.connect(\n        `mongodb://localhost:27017/${DB_NAME}`,\n        {\n            useNewUrlParser: true,\n            useUnifiedTopology: true,\n        },\n    );\n    const db = client.db(DB_NAME);\n\n    const result = await db.collection('users').findOne({ username });\n\n    client.close();\n\n    return result;\n}\n\nexport default {\n    getUserByUsername,\n};"],"mappings":";;;;;;;;;AAAA;;+CACA,oJ;;;;;;AACA,IAAMA,OAAO,GAAGC,OAAO,CAACC,GAAR,CAAYC,QAAZ,KAAyB,MAAzB,GACV,SADU,GAEV,SAFN;;AAIO,IAAMC,iBAAiB;EAAA,sEAAG,iBAAMC,QAAN;IAAA;IAAA;MAAA;QAAA;UAAA;YAAA;YAAA,OACRC,oBAAA,CAAYC,OAAZ,qCACYP,OADZ,GAEjB;cACIQ,eAAe,EAAE,IADrB;cAEIC,kBAAkB,EAAE;YAFxB,CAFiB,CADQ;;UAAA;YACvBC,MADuB;YAQvBC,EARuB,GAQlBD,MAAM,CAACC,EAAP,CAAUX,OAAV,CARkB;YAAA;YAAA,OAURW,EAAE,CAACC,UAAH,CAAc,OAAd,EAAuBC,OAAvB,CAA+B;cAAER,QAAQ,EAARA;YAAF,CAA/B,CAVQ;;UAAA;YAUvBS,MAVuB;YAY7BJ,MAAM,CAACK,KAAP;YAZ6B,iCActBD,MAdsB;;UAAA;UAAA;YAAA;QAAA;MAAA;IAAA;EAAA,CAAH;;EAAA,gBAAjBV,iBAAiB;IAAA;EAAA;AAAA,GAAvB;;;eAiBQ;EACXA,iBAAiB,EAAjBA;AADW,C"},"_coverageSchema":"1a1c01bbd47fc00a2c39e90264f33305004495a9","hash":"c72e483301b0d60c38b084cfc24fb21a68075af4","contentHash":"bd66b7dc12a1122e136a082707c9d5e600bfe1479a1d2145d42f2bc2d5c7598e"},"D:\\Work\\Code\\Courses\\JS-TDD\\tdd-server\\src\\test-helpers.js":{"path":"D:\\Work\\Code\\Courses\\JS-TDD\\tdd-server\\src\\test-helpers.js","statementMap":{"0":{"start":{"line":3,"column":51},"end":{"line":3,"column":334}},"1":{"start":{"line":3,"column":153},"end":{"line":3,"column":171}},"2":{"start":{"line":3,"column":193},"end":{"line":3,"column":317}},"3":{"start":{"line":5,"column":0},"end":{"line":7,"column":3}},"4":{"start":{"line":8,"column":0},"end":{"line":8,"column":83}},"5":{"start":{"line":10,"column":15},"end":{"line":10,"column":33}},"6":{"start":{"line":12,"column":196},"end":{"line":12,"column":269}},"7":{"start":{"line":12,"column":251},"end":{"line":12,"column":266}},"8":{"start":{"line":12,"column":284},"end":{"line":12,"column":286}},"9":{"start":{"line":12,"column":293},"end":{"line":12,"column":309}},"10":{"start":{"line":12,"column":320},"end":{"line":12,"column":337}},"11":{"start":{"line":12,"column":349},"end":{"line":12,"column":390}},"12":{"start":{"line":12,"column":409},"end":{"line":12,"column":441}},"13":{"start":{"line":12,"column":465},"end":{"line":12,"column":507}},"14":{"start":{"line":12,"column":529},"end":{"line":12,"column":567}},"15":{"start":{"line":12,"column":604},"end":{"line":12,"column":719}},"16":{"start":{"line":12,"column":722},"end":{"line":12,"column":833}},"17":{"start":{"line":12,"column":728},"end":{"line":12,"column":743}},"18":{"start":{"line":12,"column":760},"end":{"line":12,"column":831}},"19":{"start":{"line":12,"column":804},"end":{"line":12,"column":828}},"20":{"start":{"line":12,"column":908},"end":{"line":12,"column":979}},"21":{"start":{"line":12,"column":993},"end":{"line":12,"column":1032}},"22":{"start":{"line":12,"column":1044},"end":{"line":12,"column":1074}},"23":{"start":{"line":12,"column":1076},"end":{"line":12,"column":2327}},"24":{"start":{"line":12,"column":1151},"end":{"line":12,"column":1167}},"25":{"start":{"line":12,"column":1169},"end":{"line":12,"column":2289}},"26":{"start":{"line":12,"column":1201},"end":{"line":12,"column":1276}},"27":{"start":{"line":12,"column":1228},"end":{"line":12,"column":1276}},"28":{"start":{"line":12,"column":1277},"end":{"line":12,"column":1363}},"29":{"start":{"line":12,"column":1306},"end":{"line":12,"column":1340}},"30":{"start":{"line":12,"column":1330},"end":{"line":12,"column":1340}},"31":{"start":{"line":12,"column":1341},"end":{"line":12,"column":1361}},"32":{"start":{"line":12,"column":1364},"end":{"line":12,"column":2286}},"33":{"start":{"line":12,"column":1432},"end":{"line":12,"column":1448}},"34":{"start":{"line":12,"column":1450},"end":{"line":12,"column":1626}},"35":{"start":{"line":12,"column":1487},"end":{"line":12,"column":1525}},"36":{"start":{"line":12,"column":1527},"end":{"line":12,"column":1624}},"37":{"start":{"line":12,"column":1549},"end":{"line":12,"column":1599}},"38":{"start":{"line":12,"column":1590},"end":{"line":12,"column":1599}},"39":{"start":{"line":12,"column":1600},"end":{"line":12,"column":1622}},"40":{"start":{"line":12,"column":1627},"end":{"line":12,"column":1928}},"41":{"start":{"line":12,"column":1658},"end":{"line":12,"column":1701}},"42":{"start":{"line":12,"column":1706},"end":{"line":12,"column":1928}},"43":{"start":{"line":12,"column":1740},"end":{"line":12,"column":1811}},"44":{"start":{"line":12,"column":1772},"end":{"line":12,"column":1811}},"45":{"start":{"line":12,"column":1812},"end":{"line":12,"column":1851}},"46":{"start":{"line":12,"column":1859},"end":{"line":12,"column":1928}},"47":{"start":{"line":12,"column":1929},"end":{"line":12,"column":1949}},"48":{"start":{"line":12,"column":1963},"end":{"line":12,"column":1995}},"49":{"start":{"line":12,"column":1997},"end":{"line":12,"column":2182}},"50":{"start":{"line":12,"column":2029},"end":{"line":12,"column":2130}},"51":{"start":{"line":12,"column":2121},"end":{"line":12,"column":2130}},"52":{"start":{"line":12,"column":2131},"end":{"line":12,"column":2180}},"53":{"start":{"line":12,"column":2183},"end":{"line":12,"column":2284}},"54":{"start":{"line":12,"column":2364},"end":{"line":12,"column":2474}},"55":{"start":{"line":12,"column":2370},"end":{"line":12,"column":2420}},"56":{"start":{"line":12,"column":2437},"end":{"line":12,"column":2472}},"57":{"start":{"line":12,"column":2477},"end":{"line":12,"column":2497}},"58":{"start":{"line":12,"column":2521},"end":{"line":12,"column":2523}},"59":{"start":{"line":12,"column":2646},"end":{"line":12,"column":2648}},"60":{"start":{"line":12,"column":2650},"end":{"line":12,"column":2722}},"61":{"start":{"line":12,"column":2706},"end":{"line":12,"column":2718}},"62":{"start":{"line":12,"column":2738},"end":{"line":12,"column":2759}},"63":{"start":{"line":12,"column":2787},"end":{"line":12,"column":2829}},"64":{"start":{"line":12,"column":2831},"end":{"line":12,"column":2994}},"65":{"start":{"line":12,"column":3004},"end":{"line":12,"column":3097}},"66":{"start":{"line":12,"column":3143},"end":{"line":12,"column":3283}},"67":{"start":{"line":12,"column":3199},"end":{"line":12,"column":3279}},"68":{"start":{"line":12,"column":3242},"end":{"line":12,"column":3275}},"69":{"start":{"line":12,"column":3396},"end":{"line":12,"column":3439}},"70":{"start":{"line":12,"column":3441},"end":{"line":12,"column":3933}},"71":{"start":{"line":12,"column":3485},"end":{"line":12,"column":3495}},"72":{"start":{"line":12,"column":3505},"end":{"line":12,"column":3517}},"73":{"start":{"line":12,"column":3519},"end":{"line":12,"column":3931}},"74":{"start":{"line":12,"column":3656},"end":{"line":12,"column":3695}},"75":{"start":{"line":12,"column":3716},"end":{"line":12,"column":3754}},"76":{"start":{"line":12,"column":3815},"end":{"line":12,"column":3857}},"77":{"start":{"line":12,"column":3880},"end":{"line":12,"column":3927}},"78":{"start":{"line":12,"column":3934},"end":{"line":12,"column":3953}},"79":{"start":{"line":12,"column":3977},"end":{"line":12,"column":4307}},"80":{"start":{"line":12,"column":4057},"end":{"line":12,"column":4150}},"81":{"start":{"line":12,"column":4109},"end":{"line":12,"column":4146}},"82":{"start":{"line":12,"column":4153},"end":{"line":12,"column":4304}},"83":{"start":{"line":12,"column":4373},"end":{"line":12,"column":4406}},"84":{"start":{"line":12,"column":4408},"end":{"line":12,"column":4810}},"85":{"start":{"line":12,"column":4436},"end":{"line":12,"column":4783}},"86":{"start":{"line":12,"column":4495},"end":{"line":12,"column":4676}},"87":{"start":{"line":12,"column":4652},"end":{"line":12,"column":4676}},"88":{"start":{"line":12,"column":4677},"end":{"line":12,"column":4781}},"89":{"start":{"line":12,"column":4784},"end":{"line":12,"column":4808}},"90":{"start":{"line":12,"column":4824},"end":{"line":12,"column":4872}},"91":{"start":{"line":12,"column":4874},"end":{"line":12,"column":5004}},"92":{"start":{"line":12,"column":4903},"end":{"line":12,"column":5004}},"93":{"start":{"line":12,"column":5016},"end":{"line":12,"column":5026}},"94":{"start":{"line":12,"column":5028},"end":{"line":12,"column":5401}},"95":{"start":{"line":12,"column":5446},"end":{"line":12,"column":5465}},"96":{"start":{"line":12,"column":5467},"end":{"line":12,"column":5605}},"97":{"start":{"line":12,"column":5653},"end":{"line":12,"column":5675}},"98":{"start":{"line":12,"column":5677},"end":{"line":12,"column":5746}},"99":{"start":{"line":12,"column":5781},"end":{"line":12,"column":5877}},"100":{"start":{"line":12,"column":5908},"end":{"line":12,"column":6358}},"101":{"start":{"line":12,"column":5945},"end":{"line":12,"column":5969}},"102":{"start":{"line":12,"column":5971},"end":{"line":12,"column":6028}},"103":{"start":{"line":12,"column":5991},"end":{"line":12,"column":6028}},"104":{"start":{"line":12,"column":6029},"end":{"line":12,"column":6085}},"105":{"start":{"line":12,"column":6069},"end":{"line":12,"column":6085}},"106":{"start":{"line":12,"column":6086},"end":{"line":12,"column":6356}},"107":{"start":{"line":12,"column":6125},"end":{"line":12,"column":6127}},"108":{"start":{"line":12,"column":6136},"end":{"line":12,"column":6328}},"109":{"start":{"line":12,"column":6154},"end":{"line":12,"column":6273}},"110":{"start":{"line":12,"column":6187},"end":{"line":12,"column":6271}},"111":{"start":{"line":12,"column":6217},"end":{"line":12,"column":6271}},"112":{"start":{"line":12,"column":6274},"end":{"line":12,"column":6326}},"113":{"start":{"line":12,"column":6330},"end":{"line":12,"column":6354}},"114":{"start":{"line":12,"column":6359},"end":{"line":12,"column":6387}},"115":{"start":{"line":12,"column":6414},"end":{"line":12,"column":6452}},"116":{"start":{"line":12,"column":6455},"end":{"line":12,"column":11795}},"117":{"start":{"line":12,"column":6814},"end":{"line":12,"column":6863}},"118":{"start":{"line":12,"column":6865},"end":{"line":12,"column":6970}},"119":{"start":{"line":12,"column":7009},"end":{"line":12,"column":7250}},"120":{"start":{"line":12,"column":7287},"end":{"line":12,"column":7311}},"121":{"start":{"line":12,"column":7430},"end":{"line":12,"column":7442}},"122":{"start":{"line":12,"column":7564},"end":{"line":12,"column":7614}},"123":{"start":{"line":12,"column":7626},"end":{"line":12,"column":7699}},"124":{"start":{"line":12,"column":7701},"end":{"line":12,"column":7843}},"125":{"start":{"line":12,"column":7791},"end":{"line":12,"column":7839}},"126":{"start":{"line":12,"column":7959},"end":{"line":12,"column":7971}},"127":{"start":{"line":12,"column":8013},"end":{"line":12,"column":8041}},"128":{"start":{"line":12,"column":8092},"end":{"line":12,"column":8094}},"129":{"start":{"line":12,"column":8096},"end":{"line":12,"column":8139}},"130":{"start":{"line":12,"column":8122},"end":{"line":12,"column":8137}},"131":{"start":{"line":12,"column":8140},"end":{"line":12,"column":8325}},"132":{"start":{"line":12,"column":8181},"end":{"line":12,"column":8293}},"133":{"start":{"line":12,"column":8214},"end":{"line":12,"column":8224}},"134":{"start":{"line":12,"column":8226},"end":{"line":12,"column":8291}},"135":{"start":{"line":12,"column":8245},"end":{"line":12,"column":8291}},"136":{"start":{"line":12,"column":8294},"end":{"line":12,"column":8322}},"137":{"start":{"line":12,"column":8437},"end":{"line":12,"column":8776}},"138":{"start":{"line":12,"column":8645},"end":{"line":12,"column":8776}},"139":{"start":{"line":12,"column":8670},"end":{"line":12,"column":8774}},"140":{"start":{"line":12,"column":8804},"end":{"line":12,"column":8819}},"141":{"start":{"line":12,"column":8837},"end":{"line":12,"column":8866}},"142":{"start":{"line":12,"column":8868},"end":{"line":12,"column":8922}},"143":{"start":{"line":12,"column":8901},"end":{"line":12,"column":8922}},"144":{"start":{"line":12,"column":8923},"end":{"line":12,"column":8940}},"145":{"start":{"line":12,"column":9003},"end":{"line":12,"column":9034}},"146":{"start":{"line":12,"column":9018},"end":{"line":12,"column":9034}},"147":{"start":{"line":12,"column":9049},"end":{"line":12,"column":9053}},"148":{"start":{"line":12,"column":9086},"end":{"line":12,"column":9231}},"149":{"start":{"line":12,"column":9234},"end":{"line":12,"column":9938}},"150":{"start":{"line":12,"column":9247},"end":{"line":12,"column":9273}},"151":{"start":{"line":12,"column":9302},"end":{"line":12,"column":9320}},"152":{"start":{"line":12,"column":9331},"end":{"line":12,"column":9347}},"153":{"start":{"line":12,"column":9349},"end":{"line":12,"column":9399}},"154":{"start":{"line":12,"column":9378},"end":{"line":12,"column":9399}},"155":{"start":{"line":12,"column":9400},"end":{"line":12,"column":9936}},"156":{"start":{"line":12,"column":9448},"end":{"line":12,"column":9478}},"157":{"start":{"line":12,"column":9493},"end":{"line":12,"column":9525}},"158":{"start":{"line":12,"column":9527},"end":{"line":12,"column":9934}},"159":{"start":{"line":12,"column":9557},"end":{"line":12,"column":9623}},"160":{"start":{"line":12,"column":9589},"end":{"line":12,"column":9623}},"161":{"start":{"line":12,"column":9624},"end":{"line":12,"column":9690}},"162":{"start":{"line":12,"column":9658},"end":{"line":12,"column":9690}},"163":{"start":{"line":12,"column":9698},"end":{"line":12,"column":9934}},"164":{"start":{"line":12,"column":9714},"end":{"line":12,"column":9780}},"165":{"start":{"line":12,"column":9746},"end":{"line":12,"column":9780}},"166":{"start":{"line":12,"column":9790},"end":{"line":12,"column":9865}},"167":{"start":{"line":12,"column":9807},"end":{"line":12,"column":9865}},"168":{"start":{"line":12,"column":9866},"end":{"line":12,"column":9932}},"169":{"start":{"line":12,"column":9900},"end":{"line":12,"column":9932}},"170":{"start":{"line":12,"column":9979},"end":{"line":12,"column":10204}},"171":{"start":{"line":12,"column":9992},"end":{"line":12,"column":10018}},"172":{"start":{"line":12,"column":10047},"end":{"line":12,"column":10065}},"173":{"start":{"line":12,"column":10067},"end":{"line":12,"column":10202}},"174":{"start":{"line":12,"column":10187},"end":{"line":12,"column":10192}},"175":{"start":{"line":12,"column":10194},"end":{"line":12,"column":10200}},"176":{"start":{"line":12,"column":10205},"end":{"line":12,"column":10352}},"177":{"start":{"line":12,"column":10366},"end":{"line":12,"column":10409}},"178":{"start":{"line":12,"column":10411},"end":{"line":12,"column":10573}},"179":{"start":{"line":12,"column":10625},"end":{"line":12,"column":10671}},"180":{"start":{"line":12,"column":10654},"end":{"line":12,"column":10671}},"181":{"start":{"line":12,"column":10672},"end":{"line":12,"column":10949}},"182":{"start":{"line":12,"column":10991},"end":{"line":12,"column":11213}},"183":{"start":{"line":12,"column":11004},"end":{"line":12,"column":11030}},"184":{"start":{"line":12,"column":11059},"end":{"line":12,"column":11077}},"185":{"start":{"line":12,"column":11079},"end":{"line":12,"column":11211}},"186":{"start":{"line":12,"column":11116},"end":{"line":12,"column":11211}},"187":{"start":{"line":12,"column":11252},"end":{"line":12,"column":11500}},"188":{"start":{"line":12,"column":11265},"end":{"line":12,"column":11291}},"189":{"start":{"line":12,"column":11320},"end":{"line":12,"column":11338}},"190":{"start":{"line":12,"column":11340},"end":{"line":12,"column":11498}},"191":{"start":{"line":12,"column":11384},"end":{"line":12,"column":11400}},"192":{"start":{"line":12,"column":11402},"end":{"line":12,"column":11481}},"193":{"start":{"line":12,"column":11446},"end":{"line":12,"column":11456}},"194":{"start":{"line":12,"column":11458},"end":{"line":12,"column":11479}},"195":{"start":{"line":12,"column":11482},"end":{"line":12,"column":11496}},"196":{"start":{"line":12,"column":11501},"end":{"line":12,"column":11542}},"197":{"start":{"line":12,"column":11617},"end":{"line":12,"column":11781}},"198":{"start":{"line":14,"column":77},"end":{"line":14,"column":175}},"199":{"start":{"line":14,"column":94},"end":{"line":14,"column":107}},"200":{"start":{"line":14,"column":121},"end":{"line":14,"column":131}},"201":{"start":{"line":14,"column":151},"end":{"line":14,"column":165}},"202":{"start":{"line":14,"column":166},"end":{"line":14,"column":173}},"203":{"start":{"line":14,"column":176},"end":{"line":14,"column":263}},"204":{"start":{"line":14,"column":193},"end":{"line":14,"column":208}},"205":{"start":{"line":14,"column":218},"end":{"line":14,"column":261}},"206":{"start":{"line":16,"column":33},"end":{"line":16,"column":387}},"207":{"start":{"line":16,"column":65},"end":{"line":16,"column":69}},"208":{"start":{"line":16,"column":78},"end":{"line":16,"column":87}},"209":{"start":{"line":16,"column":89},"end":{"line":16,"column":384}},"210":{"start":{"line":16,"column":147},"end":{"line":16,"column":167}},"211":{"start":{"line":16,"column":193},"end":{"line":16,"column":264}},"212":{"start":{"line":16,"column":290},"end":{"line":16,"column":360}},"213":{"start":{"line":16,"column":363},"end":{"line":16,"column":380}},"214":{"start":{"line":18,"column":35},"end":{"line":51,"column":3}},"215":{"start":{"line":19,"column":13},"end":{"line":46,"column":5}},"216":{"start":{"line":21,"column":4},"end":{"line":45,"column":16}},"217":{"start":{"line":22,"column":6},"end":{"line":44,"column":7}},"218":{"start":{"line":23,"column":8},"end":{"line":43,"column":9}},"219":{"start":{"line":25,"column":12},"end":{"line":25,"column":30}},"220":{"start":{"line":26,"column":12},"end":{"line":29,"column":15}},"221":{"start":{"line":32,"column":12},"end":{"line":32,"column":35}},"222":{"start":{"line":33,"column":12},"end":{"line":33,"column":38}},"223":{"start":{"line":34,"column":12},"end":{"line":34,"column":30}},"224":{"start":{"line":35,"column":12},"end":{"line":35,"column":66}},"225":{"start":{"line":38,"column":12},"end":{"line":38,"column":27}},"226":{"start":{"line":42,"column":12},"end":{"line":42,"column":35}},"227":{"start":{"line":48,"column":2},"end":{"line":50,"column":4}},"228":{"start":{"line":49,"column":4},"end":{"line":49,"column":39}},"229":{"start":{"line":53,"column":0},"end":{"line":53,"column":42}},"230":{"start":{"line":55,"column":35},"end":{"line":90,"column":3}},"231":{"start":{"line":56,"column":14},"end":{"line":85,"column":5}},"232":{"start":{"line":58,"column":4},"end":{"line":84,"column":17}},"233":{"start":{"line":59,"column":6},"end":{"line":83,"column":7}},"234":{"start":{"line":60,"column":8},"end":{"line":82,"column":9}},"235":{"start":{"line":62,"column":12},"end":{"line":62,"column":31}},"236":{"start":{"line":63,"column":12},"end":{"line":66,"column":15}},"237":{"start":{"line":69,"column":12},"end":{"line":69,"column":36}},"238":{"start":{"line":70,"column":12},"end":{"line":70,"column":38}},"239":{"start":{"line":71,"column":12},"end":{"line":71,"column":31}},"240":{"start":{"line":72,"column":12},"end":{"line":72,"column":66}},"241":{"start":{"line":75,"column":12},"end":{"line":75,"column":36}},"242":{"start":{"line":76,"column":12},"end":{"line":76,"column":27}},"243":{"start":{"line":77,"column":12},"end":{"line":77,"column":54}},"244":{"start":{"line":81,"column":12},"end":{"line":81,"column":36}},"245":{"start":{"line":87,"column":2},"end":{"line":89,"column":4}},"246":{"start":{"line":88,"column":4},"end":{"line":88,"column":40}},"247":{"start":{"line":92,"column":0},"end":{"line":92,"column":42}},"248":{"start":{"line":94,"column":33},"end":{"line":127,"column":3}},"249":{"start":{"line":95,"column":14},"end":{"line":122,"column":5}},"250":{"start":{"line":97,"column":4},"end":{"line":121,"column":17}},"251":{"start":{"line":98,"column":6},"end":{"line":120,"column":7}},"252":{"start":{"line":99,"column":8},"end":{"line":119,"column":9}},"253":{"start":{"line":101,"column":12},"end":{"line":101,"column":31}},"254":{"start":{"line":102,"column":12},"end":{"line":105,"column":15}},"255":{"start":{"line":108,"column":12},"end":{"line":108,"column":36}},"256":{"start":{"line":109,"column":12},"end":{"line":109,"column":38}},"257":{"start":{"line":110,"column":12},"end":{"line":110,"column":31}},"258":{"start":{"line":111,"column":12},"end":{"line":111,"column":37}},"259":{"start":{"line":114,"column":12},"end":{"line":114,"column":27}},"260":{"start":{"line":118,"column":12},"end":{"line":118,"column":36}},"261":{"start":{"line":124,"column":2},"end":{"line":126,"column":4}},"262":{"start":{"line":125,"column":4},"end":{"line":125,"column":40}},"263":{"start":{"line":129,"column":0},"end":{"line":129,"column":38}}},"fnMap":{"0":{"name":"_typeof","decl":{"start":{"line":3,"column":9},"end":{"line":3,"column":16}},"loc":{"start":{"line":3,"column":22},"end":{"line":3,"column":336}},"line":3},"1":{"name":"(anonymous_1)","decl":{"start":{"line":3,"column":136},"end":{"line":3,"column":137}},"loc":{"start":{"line":3,"column":151},"end":{"line":3,"column":173}},"line":3},"2":{"name":"(anonymous_2)","decl":{"start":{"line":3,"column":176},"end":{"line":3,"column":177}},"loc":{"start":{"line":3,"column":191},"end":{"line":3,"column":319}},"line":3},"3":{"name":"_regeneratorRuntime","decl":{"start":{"line":12,"column":9},"end":{"line":12,"column":28}},"loc":{"start":{"line":12,"column":31},"end":{"line":12,"column":11797}},"line":12},"4":{"name":"_regeneratorRuntime","decl":{"start":{"line":12,"column":227},"end":{"line":12,"column":246}},"loc":{"start":{"line":12,"column":249},"end":{"line":12,"column":268}},"line":12},"5":{"name":"define","decl":{"start":{"line":12,"column":578},"end":{"line":12,"column":584}},"loc":{"start":{"line":12,"column":602},"end":{"line":12,"column":721}},"line":12},"6":{"name":"define","decl":{"start":{"line":12,"column":778},"end":{"line":12,"column":784}},"loc":{"start":{"line":12,"column":802},"end":{"line":12,"column":830}},"line":12},"7":{"name":"wrap","decl":{"start":{"line":12,"column":843},"end":{"line":12,"column":
[...]
4275},"end":{"line":16,"column":4303}}],"line":16},"33":{"loc":{"start":{"line":16,"column":4408},"end":{"line":16,"column":4810}},"type":"if","locations":[{"start":{"line":16,"column":4408},"end":{"line":16,"column":4810}},{"start":{"line":16,"column":4408},"end":{"line":16,"column":4810}}],"line":16},"34":{"loc":{"start":{"line":16,"column":4436},"end":{"line":16,"column":4783}},"type":"if","locations":[{"start":{"line":16,"column":4436},"end":{"line":16,"column":4783}},{"start":{"line":16,"column":4436},"end":{"line":16,"column":4783}}],"line":16},"35":{"loc":{"start":{"line":16,"column":4495},"end":{"line":16,"column":4676}},"type":"if","locations":[{"start":{"line":16,"column":4495},"end":{"line":16,"column":4676}},{"start":{"line":16,"column":4495},"end":{"line":16,"column":4676}}],"line":16},"36":{"loc":{"start":{"line":16,"column":4499},"end":{"line":16,"column":4650}},"type":"binary-expr","locations":[{"start":{"line":16,"column":4499},"end":{"line":16,"column":4526}},{"start":{"line":16,"column":4531},"end":{"line":16,"column":4649}}],"line":16},"37":{"loc":{"start":{"line":16,"column":4874},"end":{"line":16,"column":5004}},"type":"if","locations":[{"start":{"line":16,"column":4874},"end":{"line":16,"column":5004}},{"start":{"line":16,"column":4874},"end":{"line":16,"column":5004}}],"line":16},"38":{"loc":{"start":{"line":16,"column":5035},"end":{"line":16,"column":5400}},"type":"cond-expr","locations":[{"start":{"line":16,"column":5042},"end":{"line":16,"column":5263}},{"start":{"line":16,"column":5267},"end":{"line":16,"column":5399}}],"line":16},"39":{"loc":{"start":{"line":16,"column":5042},"end":{"line":16,"column":5263}},"type":"cond-expr","locations":[{"start":{"line":16,"column":5055},"end":{"line":16,"column":5255}},{"start":{"line":16,"column":5259},"end":{"line":16,"column":5263}}],"line":16},"40":{"loc":{"start":{"line":16,"column":5131},"end":{"line":16,"column":5212}},"type":"binary-expr","locations":[{"start":{"line":16,"column":5131},"end":{"line":16,"column":5158}},{"start":{"line":16,"column":5163},"end":{"line":16,"column":5211}}],"line":16},"41":{"loc":{"start":{"line":16,"column":5467},"end":{"line":16,"column":5506}},"type":"binary-expr","locations":[{"start":{"line":16,"column":5467},"end":{"line":16,"column":5476}},{"start":{"line":16,"column":5481},"end":{"line":16,"column":5505}}],"line":16},"42":{"loc":{"start":{"line":16,"column":5508},"end":{"line":16,"column":5575}},"type":"binary-expr","locations":[{"start":{"line":16,"column":5508},"end":{"line":16,"column":5517}},{"start":{"line":16,"column":5522},"end":{"line":16,"column":5574}}],"line":16},"43":{"loc":{"start":{"line":16,"column":5653},"end":{"line":16,"column":5675}},"type":"binary-expr","locations":[{"start":{"line":16,"column":5653},"end":{"line":16,"column":5669}},{"start":{"line":16,"column":5673},"end":{"line":16,"column":5675}}],"line":16},"44":{"loc":{"start":{"line":16,"column":5908},"end":{"line":16,"column":6358}},"type":"if","locations":[{"start":{"line":16,"column":5908},"end":{"line":16,"column":6358}},{"start":{"line":16,"column":5908},"end":{"line":16,"column":6358}}],"line":16},"45":{"loc":{"start":{"line":16,"column":5971},"end":{"line":16,"column":6028}},"type":"if","locations":[{"start":{"line":16,"column":5971},"end":{"line":16,"column":6028}},{"start":{"line":16,"column":5971},"end":{"line":16,"column":6028}}],"line":16},"46":{"loc":{"start":{"line":16,"column":6029},"end":{"line":16,"column":6085}},"type":"if","locations":[{"start":{"line":16,"column":6029},"end":{"line":16,"column":6085}},{"start":{"line":16,"column":6029},"end":{"line":16,"column":6085}}],"line":16},"47":{"loc":{"start":{"line":16,"column":6086},"end":{"line":16,"column":6356}},"type":"if","locations":[{"start":{"line":16,"column":6086},"end":{"line":16,"column":6356}},{"start":{"line":16,"column":6086},"end":{"line":16,"column":6356}}],"line":16},"48":{"loc":{"start":{"line":16,"column":6187},"end":{"line":16,"column":6271}},"type":"if","locations":[{"start":{"line":16,"column":6187},"end":{"line":16,"column":6271}},{"start":{"line":16,"column":6187},"end":{"line":16,"column":6271}}],"line":16},"49":{"loc":{"start":{"line":16,"column":6814},"end":{"line":16,"column":6863}},"type":"binary-expr","locations":[{"start":{"line":16,"column":6814},"end":{"line":16,"column":6841}},{"start":{"line":16,"column":6845},"end":{"line":16,"column":6863}}],"line":16},"50":{"loc":{"start":{"line":16,"column":6872},"end":{"line":16,"column":6969}},"type":"binary-expr","locations":[{"start":{"line":16,"column":6872},"end":{"line":16,"column":6878}},{"start":{"line":16,"column":6883},"end":{"line":16,"column":6909}},{"start":{"line":16,"column":6913},"end":{"line":16,"column":6968}}],"line":16},"51":{"loc":{"start":{"line":16,"column":6938},"end":{"line":16,"column":6967}},"type":"binary-expr","locations":[{"start":{"line":16,"column":6938},"end":{"line":16,"column":6954}},{"start":{"line":16,"column":6958},"end":{"line":16,"column":6967}}],"line":16},"52":{"loc":{"start":{"line":16,"column":7016},"end":{"line":16,"column":7203}},"type":"cond-expr","locations":[{"start":{"line":16,"column":7040},"end":{"line":16,"column":7097}},{"start":{"line":16,"column":7101},"end":{"line":16,"column":7202}}],"line":16},"53":{"loc":{"start":{"line":16,"column":7564},"end":{"line":16,"column":7613}},"type":"binary-expr","locations":[{"start":{"line":16,"column":7564},"end":{"line":16,"column":7586}},{"start":{"line":16,"column":7591},"end":{"line":16,"column":7612}}],"line":16},"54":{"loc":{"start":{"line":16,"column":7708},"end":{"line":16,"column":7842}},"type":"cond-expr","locations":[{"start":{"line":16,"column":7747},"end":{"line":16,"column":7751}},{"start":{"line":16,"column":7754},"end":{"line":16,"column":7842}}],"line":16},"55":{"loc":{"start":{"line":16,"column":7798},"end":{"line":16,"column":7838}},"type":"cond-expr","locations":[{"start":{"line":16,"column":7812},"end":{"line":16,"column":7824}},{"start":{"line":16,"column":7827},"end":{"line":16,"column":7838}}],"line":16},"56":{"loc":{"start":{"line":16,"column":8226},"end":{"line":16,"column":8291}},"type":"if","locations":[{"start":{"line":16,"column":8226},"end":{"line":16,"column":8291}},{"start":{"line":16,"column":8226},"end":{"line":16,"column":8291}}],"line":16},"57":{"loc":{"start":{"line":16,"column":8437},"end":{"line":16,"column":8776}},"type":"if","locations":[{"start":{"line":16,"column":8437},"end":{"line":16,"column":8776}},{"start":{"line":16,"column":8437},"end":{"line":16,"column":8776}}],"line":16},"58":{"loc":{"start":{"line":16,"column":8670},"end":{"line":16,"column":8773}},"type":"binary-expr","locations":[{"start":{"line":16,"column":8670},"end":{"line":16,"column":8692}},{"start":{"line":16,"column":8696},"end":{"line":16,"column":8719}},{"start":{"line":16,"column":8723},"end":{"line":16,"column":8745}},{"start":{"line":16,"column":8750},"end":{"line":16,"column":8772}}],"line":16},"59":{"loc":{"start":{"line":16,"column":8868},"end":{"line":16,"column":8922}},"type":"if","locations":[{"start":{"line":16,"column":8868},"end":{"line":16,"column":8922}},{"start":{"line":16,"column":8868},"end":{"line":16,"column":8922}}],"line":16},"60":{"loc":{"start":{"line":16,"column":9003},"end":{"line":16,"column":9034}},"type":"if","locations":[{"start":{"line":16,"column":9003},"end":{"line":16,"column":9034}},{"start":{"line":16,"column":9003},"end":{"line":16,"column":9034}}],"line":16},"61":{"loc":{"start":{"line":16,"column":9160},"end":{"line":16,"column":9220}},"type":"binary-expr","locations":[{"start":{"line":16,"column":9160},"end":{"line":16,"column":9166}},{"start":{"line":16,"column":9171},"end":{"line":16,"column":9219}}],"line":16},"62":{"loc":{"start":{"line":16,"column":9349},"end":{"line":16,"column":9399}},"type":"if","locations":[{"start":{"line":16,"column":9349},"end":{"line":16,"column":9399}},{"start":{"line":16,"column":9349},"end":{"line":16,"column":9399}}],"line":16},"63":{"loc":{"start":{"line":16,"column":9400},"end":{"line":16,"column":9936}},"type":"if","locations":[{"start":{"line":16,"column":9400},"end":{"line":16,"column":9936}},{"start":{"line":16,"column":9400},"end":{"line":16,"column":9936}}],"line":16},"64":{"loc":{"start":{"line":16,"column":9527},"end":{"line":16,"column":9934}},"type":"if","locations":[{"start":{"line":16,"column":9527},"end":{"line":16,"column":9934}},{"start":{"line":16,"column":9527},"end":{"line":16,"column":9934}}],"line":16},"65":{"loc":{"start":{"line":16,"column":9531},"end":{"line":16,"column":9553}},"type":"binary-expr","locations":[{"start":{"line":16,"column":9531},"end":{"line":16,"column":9539}},{"start":{"line":16,"column":9543},"end":{"line":16,"column":9553}}],"line":16},"66":{"loc":{"start":{"line":16,"column":9557},"end":{"line":16,"column":9623}},"type":"if","locations":[{"start":{"line":16,"column":9557},"end":{"line":16,"column":9623}},{"start":{"line":16,"column":9557},"end":{"line":16,"column":9623}}],"line":16},"67":{"loc":{"start":{"line":16,"column":9624},"end":{"line":16,"column":9690}},"type":"if","locations":[{"start":{"line":16,"column":9624},"end":{"line":16,"column":9690}},{"start":{"line":16,"column":9624},"end":{"line":16,"column":9690}}],"line":16},"68":{"loc":{"start":{"line":16,"column":9698},"end":{"line":16,"column":9934}},"type":"if","locations":[{"start":{"line":16,"column":9698},"end":{"line":16,"column":9934}},{"start":{"line":16,"column":9698},"end":{"line":16,"column":9934}}],"line":16},"69":{"loc":{"start":{"line":16,"column":9714},"end":{"line":16,"column":9780}},"type":"if","locations":[{"start":{"line":16,"column":9714},"end":{"line":16,"column":9780}},{"start":{"line":16,"column":9714},"end":{"line":16,"column":9780}}],"line":16},"70":{"loc":{"start":{"line":16,"column":9790},"end":{"line":16,"column":9865}},"type":"if","locations":[{"start":{"line":16,"column":9790},"end":{"line":16,"column":9865}},{"start":{"line":16,"column":9790},"end":{"line":16,"column":9865}}],"line":16},"71":{"loc":{"start":{"line":16,"column":9866},"end":{"line":16,"column":9932}},"type":"if","locations":[{"start":{"line":16,"column":9866},"end":{"line":16,"column":9932}},{"start":{"line":16,"column":9866},"end":{"line":16,"column":9932}}],"line":16},"72":{"loc":{"start":{"line":16,"column":10067},"end":{"line":16,"column":10202}},"type":"if","locations":[{"start":{"line":16,"column":10067},"end":{"line":16,"column":10202}},{"start":{"line":16,"column":10067},"end":{"line":16,"column":10202}}],"line":16},"73":{"loc":{"start":{"line":16,"column":10071},"end":{"line":16,"column":10164}},"type":"binary-expr","locations":[{"start":{"line":16,"column":10071},"end":{"line":16,"column":10096}},{"start":{"line":16,"column":10100},"end":{"line":16,"column":10132}},{"start":{"line":16,"column":10136},"end":{"line":16,"column":10164}}],"line":16},"74":{"loc":{"start":{"line":16,"column":10205},"end":{"line":16,"column":10351}},"type":"binary-expr","locations":[{"start":{"line":16,"column":10205},"end":{"line":16,"column":10217}},{"start":{"line":16,"column":10222},"end":{"line":16,"column":10238}},{"start":{"line":16,"column":10242},"end":{"line":16,"column":10261}},{"start":{"line":16,"column":10266},"end":{"line":16,"column":10292}},{"start":{"line":16,"column":10296},"end":{"line":16,"column":10326}},{"start":{"line":16,"column":10331},"end":{"line":16,"column":10350}}],"line":16},"75":{"loc":{"start":{"line":16,"column":10366},"end":{"line":16,"column":10409}},"type":"cond-expr","locations":[{"start":{"line":16,"column":10381},"end":{"line":16,"column":10404}},{"start":{"line":16,"column":10407},"end":{"line":16,"column":10409}}],"line":16},"76":{"loc":{"start":{"line":16,"column":10456},"end":{"line":16,"column":10572}},"type":"cond-expr","locations":[{"start":{"line":16,"column":10472},"end":{"line":16,"column":10547}},{"start":{"line":16,"column":10551},"end":{"line":16,"column":10572}}],"line":16},"77":{"loc":{"start":{"line":16,"column":10625},"end":{"line":16,"column":10671}},"type":"if","locations":[{"start":{"line":16,"column":10625},"end":{"line":16,"column":10671}},{"start":{"line":16,"column":10625},"end":{"line":16,"column":10671}}],"line":16},"78":{"loc":{"start":{"line":16,"column":10679},"end":{"line":16,"column":10930}},"type":"cond-expr","locations":[{"start":{"line":16,"column":10735},"end":{"line":16,"column":10757}},{"start":{"line":16,"column":10760},"end":{"line":16,"column":10930}}],"line":16},"79":{"loc":{"start":{"line":16,"column":10679},"end":{"line":16,"column":10732}},"type":"binary-expr","locations":[{"start":{"line":16,"column":10679},"end":{"line":16,"column":10702}},{"start":{"line":16,"column":10706},"end":{"line":16,"column":10732}}],"line":16},"80":{"loc":{"start":{"line":16,"column":10760},"end":{"line":16,"column":10930}},"type":"cond-expr","locations":[{"start":{"line":16,"column":10788},"end":{"line":16,"column":10864}},{"start":{"line":16,"column":10868},"end":{"line":16,"column":10930}}],"line":16},"81":{"loc":{"start":{"line":16,"column":10868},"end":{"line":16,"column":10930}},"type":"binary-expr","locations":[{"start":{"line":16,"column":10868},"end":{"line":16,"column":10892}},{"start":{"line":16,"column":10896},"end":{"line":16,"column":10904}},{"start":{"line":16,"column":10909},"end":{"line":16,"column":10929}}],"line":16},"82":{"loc":{"start":{"line":16,"column":11079},"end":{"line":16,"column":11211}},"type":"if","locations":[{"start":{"line":16,"column":11079},"end":{"line":16,"column":11211}},{"start":{"line":16,"column":11079},"end":{"line":16,"column":11211}}],"line":16},"83":{"loc":{"start":{"line":16,"column":11340},"end":{"line":16,"column":11498}},"type":"if","locations":[{"start":{"line":16,"column":11340},"end":{"line":16,"column":11498}},{"start":{"line":16,"column":11340},"end":{"line":16,"column":11498}}],"line":16},"84":{"loc":{"start":{"line":16,"column":11402},"end":{"line":16,"column":11481}},"type":"if","locations":[{"start":{"line":16,"column":11402},"end":{"line":16,"column":11481}},{"start":{"line":16,"column":11402},"end":{"line":16,"column":11481}}],"line":16},"85":{"loc":{"start":{"line":16,"column":11714},"end":{"line":16,"column":11762}},"type":"binary-expr","locations":[{"start":{"line":16,"column":11714},"end":{"line":16,"column":11736}},{"start":{"line":16,"column":11741},"end":{"line":16,"column":11761}}],"line":16},"86":{"loc":{"start":{"line":18,"column":176},"end":{"line":18,"column":263}},"type":"if","locations":[{"start":{"line":18,"column":176},"end":{"line":18,"column":263}},{"start":{"line":18,"column":176},"end":{"line":18,"column":263}}],"line":18},"87":{"loc":{"start":{"line":29,"column":8},"end":{"line":56,"column":9}},"type":"switch","locations":[{"start":{"line":30,"column":10},"end":{"line":34,"column":62}},{"start":{"line":36,"column":10},"end":{"line":46,"column":18}},{"start":{"line":48,"column":10},"end":{"line":51,"column":46}},{"start":{"line":53,"column":10},"end":{"line":53,"column":18}},{"start":{"line":54,"column":10},"end":{"line":55,"column":35}}],"line":29},"88":{"loc":{"start":{"line":39,"column":12},"end":{"line":43,"column":13}},"type":"if","locations":[{"start":{"line":39,"column":12},"end":{"line":43,"column":13}},{"start":{"line":39,"column":12},"end":{"line":43,"column":13}}],"line":39}},"s":{"0":0,"1":0,"2":0,"3":1,"4":1,"5":1,"6":1,"7":2,"8":1,"9":3,"10":1,"11":1,"12":1,"13":1,"14":1,"15":1,"16":1,"17":15,"18":1,"19":1,"20":0,"21":0,"22":3,"23":3,"24":3,"25":3,"26":3,"27":3,"28":5,"29":0,"30":5,"31":0,"32":0,"33":0,"34":5,"35":6,"36":6,"37":0,"38":0,"39":0,"40":0,"41":0,"42":6,"43":5,"44":1,"45":1,"46":0,"47":1,"48":0,"49":6,"50":6,"51":6,"52":5,"53":0,"54":5,"55":1,"56":6,"57":6,"58":1,"59":1,"60":1,"61":1,"62":1,"63":0,"64":1,"65":1,"66":1,"67":1,"68":2,"69":6,"70":5,"71":0,"72":0,"73":0,"74":0,"75":0,"76":0,"77":0,"78":0,"79":0,"80":0,"81":0,"82":0,"83":0,"84":0,"85":0,"86":0,"87":0,"88":0,"89":0,"90":0,"91":0,"92":0,"93":0,"94":0,"95":0,"96":0,"97":3,"98":3,"99":7,"100":7,"101":3,"102":1,"103":1,"104":1,"105":1,"106":0,"107":0,"108":0,"109":0,"110":0,"111":0,"112":0,"113":0,"114":0,"115":0,"116":0,"117":0,"118":1,"119":0,"120":0,"121":1,"122":0,"123":0,"124":0,"125":0,"126":0,"127":0,"128":0,"129":0,"130":0,"131":0,"132":0,"133":0,"134":0,"135":0,"136":0,"137":0,"138":0,"139":3,"140":0,"141":0,"142":3,"143":3,"144":3,"145":0,"146":3,"147":1,"148":0,"149":1,"150":1,"151":1,"152":1,"153":1,"154":1,"155":1,"156":0,"157":1,"158":1,"159":1,"160":1,"161":0,"162":0,"163":0,"164":0,"165":1,"166":1,"167":1,"168":0,"169":0,"170":0,"171":0,"172":0,"173":0,"174":0,"175":0,"176":0,"177":0,"178":0,"179":0,"180":0,"181":0,"182":0,"183":0,"184":0,"185":0,"186":0,"187":0,"188":0,"189":1,"190":1,"191":1,"192":1,"193":1,"194":1,"195":1,"196":1,"197":1,"198":0,"199":0,"200":5,"201":5,"202":5,"203":0,"204":0,"205":5,"206":3,"207":2,"208":1,"209":3,"210":3,"211":3,"212":3,"213":5,"214":0,"215":3,"216":1,"217":1,"218":1,"219":1,"220":3,"221":6,"222":8,"223":3,"224":3,"225":3,"226":3,"227":2,"228":2,"229":1,"230":1,"231":2,"232":2,"233":1,"234":1,"235":1,"236":3,"237":1,"238":3},"f":{"0":0,"1":0,"2":0,"3":2,"4":1,"5":3,"6":15,"7":0,"8":3,"9":3,"10":5,"11":6,"12":0,"13":0,"14":0,"15":0,"16":2,"17":6,"18":5,"19":0,"20":0,"21":0,"22":0,"23":0,"24":0,"25":0,"26":0,"27":0,"28":0,"29":3,"30":7,"31":3,"32":1,"33":0,"34":0,"35":0,"36":1,"37":0,"38":0,"39":0,"40":0,"41":0,"42":0,"43":0,"44":0,"45":3,"46":3,"47":1,"48":1,"49":0,"50":0,"51":0,"52":1,"53":0,"54":5,"55":1,"56":3,"57":3,"58":5,"59":0,"60":1,"61":3,"62":6,"63":3},"b":{"0":[0,0],"1":[0,0],"2":[0,0],"3":[0,0,0,0],"4":[1,1],"5":[2,2],"6":[1,0],"7":[1,0],"8":[1,0],"9":[1,0],"10":[3,0],"11":[3,3],"12":[3,0],"13":[0,5],"14":[0,5],"15":[0,0],"16":[0,6],"17":[0,0],"18":[0,0],"19":[5,1],"20":[1,0],"21":[0,1],"22":[0,0],"23":[5,1],"24":[0,5],"25":[3,2],"26":[1,1],"27":[1,1],"28":[1,1,1,1],"29":[0,0],"30":[0,0],"31":[0,0,0],"32":[0,0],"33":[0,0],"34":[0,0],"35":[0,0],"36":[0,0],"37":[0,0],"38":[0,0],"39":[0,0],"40":[0,0],"41":[3,3],"42":[3,0],"43":[7,6],"44":[1,0],"45":[1,0],"46":[0,0],"47":[0,0],"48":[0,0],"49":[0,0],"50":[0,0,0],"51":[0,0],"52":[1,0],"53":[0,0],"54":[0,0],"55":[0,0],"56":[0,0],"57":[0,3],"58":[0,0,0,0],"59":[0,3],"60":[0,1],"61":[1,1],"62":[0,1],"63":[1,0],"64":[0,1],"65":[1,1],"66":[0,0],"67":[0,0],"68":[1,0],"69":[1,0],"70":[0,0],"71":[0,0],"72":[0,0],"73":[0,0,0],"74":[0,0,0,0,0,0],"75":[0,0],"76":[0,0],"77":[0,0],"78":[0,0],"79":[0,0],"80":[0,0],"81":[0,0,0],"82":[0,0],"83":[1,0],"84":[1,0],"85":[0,0],"86":[3,2],"87":[3,2,1,3,3],"88":[1,1]},"inputSourceMap":{"version":3,"names":["app","express","get","req","res","username","params","db","getUserByUsername","user","json","status","send"],"sourceRoot":"D:\\Work\\Code\\Courses\\JS-TDD\\tdd-server\\src\\","sources":["server.js"],"sourcesContent":["import express from \"express\";\nimport db from \"./db\";\n\nconst app = express();\n\napp.get(\"/users/:username\", async (req, res) => {\n  const { username } = req.params;\n  try {\n    const user = await db.getUserByUsername(username);\n    if (user) {\n      res.json(user);\n    } else {\n      res.status(404).send();\n    }\n  } catch (e) {\n    res.status(500).json(e);\n  }\n});\n\nexport { app };\n"],"mappings":";;;;;;;;;AAAA;;AACA;;;;+CAAA,oJ;;;;;;AAEA,IAAMA,GAAG,GAAG,IAAAC,mBAAA,GAAZ;;AAEAD,GAAG,CAACE,GAAJ,CAAQ,kBAAR;EAAA,sEAA4B,iBAAOC,GAAP,EAAYC,GAAZ;IAAA;IAAA;MAAA;QAAA;UAAA;YAClBC,QADkB,GACLF,GAAG,CAACG,MADC,CAClBD,QADkB;YAAA;YAAA;YAAA,OAGLE,cAAA,CAAGC,iBAAH,CAAqBH,QAArB,CAHK;;UAAA;YAGlBI,IAHkB;;YAIxB,IAAIA,IAAJ,EAAU;cACRL,GAAG,CAACM,IAAJ,CAASD,IAAT;YACD,CAFD,MAEO;cACLL,GAAG,CAACO,MAAJ,CAAW,GAAX,EAAgBC,IAAhB;YACD;;YARuB;YAAA;;UAAA;YAAA;YAAA;YAUxBR,GAAG,CAACO,MAAJ,CAAW,GAAX,EAAgBD,IAAhB;;UAVwB;UAAA;YAAA;QAAA;MAAA;IAAA;EAAA,CAA5B;;EAAA;IAAA;EAAA;AAAA"},"_coverageSchema":"1a1c01bbd47fc00a2c39e90264f33305004495a9","hash":"86277073eea98694824fe17c3d7cca881c8189bf","contentHash":"8e5b04126637c73363fa8691ec5eade8a39a53231b95a514199a0c58dea21382"}}