TN:
SF:src\db.js
FN:7,(anonymous_59)
FN:7,_callee
FN:7,getUserByUsername
FNF:3
FNH:3
FNDA:1,(anonymous_59)
FNDA:10,_callee
FNDA:2,getUserByUsername
DA:1,1
DA:3,1
DA:7,30
DA:8,2
DA:15,2
DA:17,2
DA:19,2
DA:24,1
LF:8
LH:8
BRDA:3,0,0,1
BRDA:3,0,1,0
BRDA:7,1,0,2
BRDA:7,1,1,2
BRDA:7,1,2,2
BRDA:7,1,3,0
BRDA:7,1,4,2
BRF:7
BRH:5
end_of_record
TN:
SF:src\mocha-setup.js
FNF:0
FNH:0
DA:1,1
DA:3,1
DA:4,1
DA:5,1
LF:4
LH:4
BRF:0
BRH:0
end_of_record
TN:
SF:src\server.js
FN:6,(anonymous_60)
FN:6,_callee
FNF:2
FNH:2
FNDA:4,(anonymous_60)
FNDA:9,_callee
DA:1,1
DA:2,1
DA:4,1
DA:6,35
DA:7,3
DA:9,2
DA:10,2
DA:11,1
DA:13,1
DA:16,1
LF:10
LH:10
BRDA:6,0,0,3
BRDA:6,0,1,2
BRDA:6,0,2,1
BRDA:6,0,3,3
BRDA:6,0,4,3
BRDA:10,1,0,1
BRDA:10,1,1,1
BRF:7
BRH:7
end_of_record
TN:
SF:src\test-helpers.js
FN:3,(anonymous_59)
FN:3,_callee
FN:3,setDatabaseData
FN:18,(anonymous_63)
FN:18,_callee2
FN:18,getDatabaseData
FN:35,(anonymous_67)
FN:35,_callee3
FN:35,resetDatabase
FNF:9
FNH:9
FNDA:1,(anonymous_59)
FNDA:8,_callee
FNDA:2,setDatabaseData
FNDA:1,(anonymous_63)
FNDA:5,_callee2
FNDA:1,getDatabaseData
FNDA:1,(anonymous_67)
FNDA:8,_callee3
FNDA:2,resetDatabase
DA:1,1
DA:3,24
DA:4,2
DA:11,2
DA:15,2
DA:18,15
DA:19,1
DA:26,1
DA:28,1
DA:30,1
DA:35,24
DA:36,2
DA:43,2
DA:47,2
LF:14
LH:14
BRDA:3,0,0,2
BRDA:3,0,1,2
BRDA:3,0,2,2
BRDA:3,0,3,2
BRDA:3,0,4,2
BRDA:18,1,0,1
BRDA:18,1,1,1
BRDA:18,1,2,1
BRDA:18,1,3,0
BRDA:18,1,4,1
BRDA:35,2,0,2
BRDA:35,2,1,2
BRDA:35,2,2,2
BRDA:35,2,3,2
BRDA:35,2,4,2
BRF:15
BRH:14
end_of_record
